01:10:45 - INFO - ============================================================
01:10:45 - INFO - Starting Game 1
01:10:45 - INFO - Players: Player 8784 (ChapelWitch), Player 1424 (CollectionPatricianRebuild)
01:10:45 - INFO - ============================================================
01:10:45 - INFO - Supply initialized: {'Copper': 46, 'Silver': 40, 'Gold': 30, 'Estate': 8, 'Duchy': 8, 'Province': 8, 'Curse': 10, 'Chapel': 10, 'Collection': 10, 'Forager': 10, 'Modify': 10, 'Patrician': 10, 'Rebuild': 10, 'Skulk': 10, 'Witch': 10}
01:10:45 - INFO - Game initialized with players: Player 8784 (ChapelWitch), Player 1424 (CollectionPatricianRebuild)
01:10:45 - INFO - Kingdom cards: Chapel, Collection, Forager, Modify, Patrician, Rebuild, Skulk, Witch
01:10:45 - INFO - ('turn_header', 'GeneticAI-139922936598784', 1, {'actions': 1, 'buys': 1, 'coins': 0, 'hand': ['Estate', 'Copper', 'Copper', 'Copper', 'Copper']})
01:10:45 - INFO - ('action', 'GeneticAI-139922936598784', 'plays Copper', {'coins_before': 0, 'coins_added': 1, 'coins_after': 1, 'remaining_treasures': ['Copper', 'Copper', 'Copper']})
01:10:45 - INFO - ('action', 'GeneticAI-139922936598784', 'plays Copper', {'coins_before': 1, 'coins_added': 1, 'coins_after': 2, 'remaining_treasures': ['Copper', 'Copper']})
01:10:45 - INFO - ('action', 'GeneticAI-139922936598784', 'plays Copper', {'coins_before': 2, 'coins_added': 1, 'coins_after': 3, 'remaining_treasures': ['Copper']})
01:10:45 - INFO - ('action', 'GeneticAI-139922936598784', 'plays Copper', {'coins_before': 3, 'coins_added': 1, 'coins_after': 4, 'remaining_treasures': []})
01:10:45 - INFO - ('action', 'GeneticAI-139922936598784', 'buys Chapel', {'cost': 2, 'remaining_coins': 2, 'remaining_buys': 0})
01:10:45 - INFO - ('supply_change', 'Chapel', -1, 9)
01:10:45 - INFO - ('turn_header', 'GeneticAI-139922936601424', 1, {'actions': 1, 'buys': 1, 'coins': 0, 'hand': ['Copper', 'Estate', 'Estate', 'Copper', 'Copper']})
01:10:45 - INFO - ('action', 'GeneticAI-139922936601424', 'plays Copper', {'coins_before': 0, 'coins_added': 1, 'coins_after': 1, 'remaining_treasures': ['Copper', 'Copper']})
01:10:45 - INFO - ('action', 'GeneticAI-139922936601424', 'plays Copper', {'coins_before': 1, 'coins_added': 1, 'coins_after': 2, 'remaining_treasures': ['Copper']})
01:10:45 - INFO - ('action', 'GeneticAI-139922936601424', 'plays Copper', {'coins_before': 2, 'coins_added': 1, 'coins_after': 3, 'remaining_treasures': []})
01:10:45 - INFO - ('action', 'GeneticAI-139922936601424', 'buys Forager', {'cost': 3, 'remaining_coins': 0, 'remaining_buys': 0})
01:10:45 - INFO - ('supply_change', 'Forager', -1, 9)
01:10:45 - INFO - ('turn_header', 'GeneticAI-139922936598784', 2, {'actions': 1, 'buys': 1, 'coins': 0, 'hand': ['Copper', 'Copper', 'Estate', 'Estate', 'Copper']})
01:10:45 - INFO - ('action', 'GeneticAI-139922936598784', 'plays Copper', {'coins_before': 0, 'coins_added': 1, 'coins_after': 1, 'remaining_treasures': ['Copper', 'Copper']})
01:10:45 - INFO - ('action', 'GeneticAI-139922936598784', 'plays Copper', {'coins_before': 1, 'coins_added': 1, 'coins_after': 2, 'remaining_treasures': ['Copper']})
01:10:45 - INFO - ('action', 'GeneticAI-139922936598784', 'plays Copper', {'coins_before': 2, 'coins_added': 1, 'coins_after': 3, 'remaining_treasures': []})
01:10:45 - INFO - ('action', 'GeneticAI-139922936598784', 'buys Silver', {'cost': 3, 'remaining_coins': 0, 'remaining_buys': 0})
01:10:45 - INFO - ('supply_change', 'Silver', -1, 39)
01:10:45 - INFO - ('turn_header', 'GeneticAI-139922936601424', 2, {'actions': 1, 'buys': 1, 'coins': 0, 'hand': ['Copper', 'Copper', 'Estate', 'Copper', 'Copper']})
01:10:45 - INFO - ('action', 'GeneticAI-139922936601424', 'plays Copper', {'coins_before': 0, 'coins_added': 1, 'coins_after': 1, 'remaining_treasures': ['Copper', 'Copper', 'Copper']})
01:10:45 - INFO - ('action', 'GeneticAI-139922936601424', 'plays Copper', {'coins_before': 1, 'coins_added': 1, 'coins_after': 2, 'remaining_treasures': ['Copper', 'Copper']})
01:10:45 - INFO - ('action', 'GeneticAI-139922936601424', 'plays Copper', {'coins_before': 2, 'coins_added': 1, 'coins_after': 3, 'remaining_treasures': ['Copper']})
01:10:45 - INFO - ('action', 'GeneticAI-139922936601424', 'plays Copper', {'coins_before': 3, 'coins_added': 1, 'coins_after': 4, 'remaining_treasures': []})
01:10:45 - INFO - ('action', 'GeneticAI-139922936601424', 'buys Forager', {'cost': 3, 'remaining_coins': 1, 'remaining_buys': 0})
01:10:45 - INFO - ('supply_change', 'Forager', -1, 8)
01:10:45 - INFO - ('turn_header', 'GeneticAI-139922936598784', 3, {'actions': 1, 'buys': 1, 'coins': 0, 'hand': ['Chapel', 'Copper', 'Estate', 'Copper', 'Estate']})
01:10:45 - INFO - ('action', 'GeneticAI-139922936598784', 'plays Chapel', {'remaining_actions': 0, 'hand': ['Copper', 'Estate', 'Copper', 'Estate']})
01:10:45 - INFO - ('action', 'GeneticAI-139922936598784', 'trashes 2 cards', {'trashed_cards': ['Estate', 'Estate'], 'remaining_hand': ['Copper', 'Copper']})
01:10:45 - INFO - ('action', 'GeneticAI-139922936598784', 'plays Copper', {'coins_before': 0, 'coins_added': 1, 'coins_after': 1, 'remaining_treasures': ['Copper']})
01:10:45 - INFO - ('action', 'GeneticAI-139922936598784', 'plays Copper', {'coins_before': 1, 'coins_added': 1, 'coins_after': 2, 'remaining_treasures': []})
01:10:45 - INFO - ('action', 'GeneticAI-139922936598784', 'buys Copper', {'cost': 0, 'remaining_coins': 2, 'remaining_buys': 0})
01:10:45 - INFO - ('supply_change', 'Copper', -1, 45)
01:10:45 - INFO - ('turn_header', 'GeneticAI-139922936601424', 3, {'actions': 1, 'buys': 1, 'coins': 0, 'hand': ['Copper', 'Forager', 'Estate', 'Estate', 'Copper']})
01:10:45 - INFO - ('action', 'GeneticAI-139922936601424', 'plays Forager', {'remaining_actions': 0, 'hand': ['Copper', 'Estate', 'Estate', 'Copper']})
01:10:45 - INFO - ('action', 'GeneticAI-139922936601424', 'plays Copper', {'coins_before': 0, 'coins_added': 1, 'coins_after': 1, 'remaining_treasures': ['Copper']})
01:10:45 - INFO - ('action', 'GeneticAI-139922936601424', 'plays Copper', {'coins_before': 1, 'coins_added': 1, 'coins_after': 2, 'remaining_treasures': []})
01:10:45 - INFO - ('action', 'GeneticAI-139922936601424', 'buys Copper', {'cost': 0, 'remaining_coins': 2, 'remaining_buys': 1})
01:10:45 - INFO - ('supply_change', 'Copper', -1, 44)
01:10:45 - INFO - ('action', 'GeneticAI-139922936601424', 'buys Copper', {'cost': 0, 'remaining_coins': 2, 'remaining_buys': 0})
01:10:45 - INFO - ('supply_change', 'Copper', -1, 43)
01:10:45 - INFO - ('turn_header', 'GeneticAI-139922936598784', 4, {'actions': 1, 'buys': 1, 'coins': 0, 'hand': ['Copper', 'Copper', 'Estate', 'Silver', 'Copper']})
01:10:45 - INFO - ('action', 'GeneticAI-139922936598784', 'plays Silver', {'coins_before': 0, 'coins_added': 2, 'coins_after': 2, 'remaining_treasures': ['Copper', 'Copper', 'Copper']})
01:10:45 - INFO - ('action', 'GeneticAI-139922936598784', 'plays Copper', {'coins_before': 2, 'coins_added': 1, 'coins_after': 3, 'remaining_treasures': ['Copper', 'Copper']})
01:10:45 - INFO - ('action', 'GeneticAI-139922936598784', 'plays Copper', {'coins_before': 3, 'coins_added': 1, 'coins_after': 4, 'remaining_treasures': ['Copper']})
01:10:45 - INFO - ('action', 'GeneticAI-139922936598784', 'plays Copper', {'coins_before': 4, 'coins_added': 1, 'coins_after': 5, 'remaining_treasures': []})
01:10:45 - INFO - ('action', 'GeneticAI-139922936598784', 'buys Witch', {'cost': 5, 'remaining_coins': 0, 'remaining_buys': 0})
01:10:45 - INFO - ('supply_change', 'Witch', -1, 9)
01:10:45 - INFO - ('turn_header', 'GeneticAI-139922936601424', 4, {'actions': 1, 'buys': 1, 'coins': 0, 'hand': ['Copper', 'Copper', 'Forager', 'Copper', 'Copper']})
01:10:45 - INFO - ('action', 'GeneticAI-139922936601424', 'plays Forager', {'remaining_actions': 0, 'hand': ['Copper', 'Copper', 'Copper', 'Copper']})
01:10:45 - INFO - ('action', 'GeneticAI-139922936601424', 'plays Copper', {'coins_before': 1, 'coins_added': 1, 'coins_after': 2, 'remaining_treasures': ['Copper', 'Copper']})
01:10:45 - INFO - ('action', 'GeneticAI-139922936601424', 'plays Copper', {'coins_before': 2, 'coins_added': 1, 'coins_after': 3, 'remaining_treasures': ['Copper']})
01:10:45 - INFO - ('action', 'GeneticAI-139922936601424', 'plays Copper', {'coins_before': 3, 'coins_added': 1, 'coins_after': 4, 'remaining_treasures': []})
01:10:45 - INFO - ('action', 'GeneticAI-139922936601424', 'buys Skulk', {'cost': 4, 'remaining_coins': 0, 'remaining_buys': 1})
01:10:45 - INFO - ('supply_change', 'Skulk', -1, 9)
01:10:45 - INFO - ('action', 'GeneticAI-139922936601424', 'buys Copper', {'cost': 0, 'remaining_coins': 0, 'remaining_buys': 0})
01:10:45 - INFO - ('supply_change', 'Copper', -1, 42)
01:10:45 - INFO - ('turn_header', 'GeneticAI-139922936598784', 5, {'actions': 1, 'buys': 1, 'coins': 0, 'hand': ['Copper', 'Copper', 'Copper', 'Copper', 'Silver']})
01:10:45 - INFO - ('action', 'GeneticAI-139922936598784', 'plays Silver', {'coins_before': 0, 'coins_added': 2, 'coins_after': 2, 'remaining_treasures': ['Copper', 'Copper', 'Copper', 'Copper']})
01:10:45 - INFO - ('action', 'GeneticAI-139922936598784', 'plays Copper', {'coins_before': 2, 'coins_added': 1, 'coins_after': 3, 'remaining_treasures': ['Copper', 'Copper', 'Copper']})
01:10:45 - INFO - ('action', 'GeneticAI-139922936598784', 'plays Copper', {'coins_before': 3, 'coins_added': 1, 'coins_after': 4, 'remaining_treasures': ['Copper', 'Copper']})
01:10:45 - INFO - ('action', 'GeneticAI-139922936598784', 'plays Copper', {'coins_before': 4, 'coins_added': 1, 'coins_after': 5, 'remaining_treasures': ['Copper']})
01:10:45 - INFO - ('action', 'GeneticAI-139922936598784', 'plays Copper', {'coins_before': 5, 'coins_added': 1, 'coins_after': 6, 'remaining_treasures': []})
01:10:45 - INFO - ('action', 'GeneticAI-139922936598784', 'buys Gold', {'cost': 6, 'remaining_coins': 0, 'remaining_buys': 0})
01:10:45 - INFO - ('supply_change', 'Gold', -1, 28)
01:10:45 - INFO - ('turn_header', 'GeneticAI-139922936601424', 5, {'actions': 1, 'buys': 1, 'coins': 0, 'hand': ['Estate', 'Copper', 'Copper', 'Forager', 'Copper']})
01:10:45 - INFO - ('action', 'GeneticAI-139922936601424', 'plays Forager', {'remaining_actions': 0, 'hand': ['Estate', 'Copper', 'Copper', 'Copper']})
01:10:45 - INFO - ('action', 'GeneticAI-139922936601424', 'plays Copper', {'coins_before': 1, 'coins_added': 1, 'coins_after': 2, 'remaining_treasures': ['Copper', 'Copper']})
01:10:45 - INFO - ('action', 'GeneticAI-139922936601424', 'plays Copper', {'coins_before': 2, 'coins_added': 1, 'coins_after': 3, 'remaining_treasures': ['Copper']})
01:10:45 - INFO - ('action', 'GeneticAI-139922936601424', 'plays Copper', {'coins_before': 3, 'coins_added': 1, 'coins_after': 4, 'remaining_treasures': []})
01:10:45 - INFO - ('action', 'GeneticAI-139922936601424', 'buys Skulk', {'cost': 4, 'remaining_coins': 0, 'remaining_buys': 1})
01:10:45 - INFO - ('supply_change', 'Skulk', -1, 8)
01:10:45 - INFO - ('action', 'GeneticAI-139922936601424', 'buys Copper', {'cost': 0, 'remaining_coins': 0, 'remaining_buys': 0})
01:10:45 - INFO - ('supply_change', 'Copper', -1, 41)
01:10:45 - INFO - ('turn_header', 'GeneticAI-139922936598784', 6, {'actions': 1, 'buys': 1, 'coins': 0, 'hand': ['Copper', 'Witch', 'Copper', 'Copper', 'Copper']})
01:10:45 - INFO - ('action', 'GeneticAI-139922936598784', 'plays Witch', {'remaining_actions': 0, 'hand': ['Copper', 'Copper', 'Copper', 'Copper']})
01:10:45 - INFO - ('action', 'GeneticAI-139922936598784', 'gives curse to GeneticAI-139922936601424', {'curses_remaining': 9})
01:10:45 - INFO - ('action', 'GeneticAI-139922936598784', 'plays Copper', {'coins_before': 0, 'coins_added': 1, 'coins_after': 1, 'remaining_treasures': ['Copper', 'Copper', 'Copper']})
01:10:45 - INFO - ('action', 'GeneticAI-139922936598784', 'plays Copper', {'coins_before': 1, 'coins_added': 1, 'coins_after': 2, 'remaining_treasures': ['Copper', 'Copper']})
01:10:45 - INFO - ('action', 'GeneticAI-139922936598784', 'plays Copper', {'coins_before': 2, 'coins_added': 1, 'coins_after': 3, 'remaining_treasures': ['Copper']})
01:10:45 - INFO - ('action', 'GeneticAI-139922936598784', 'plays Copper', {'coins_before': 3, 'coins_added': 1, 'coins_after': 4, 'remaining_treasures': []})
01:10:45 - INFO - ('action', 'GeneticAI-139922936598784', 'buys Silver', {'cost': 3, 'remaining_coins': 1, 'remaining_buys': 0})
01:10:45 - INFO - ('supply_change', 'Silver', -1, 38)
01:10:45 - INFO - ('turn_header', 'GeneticAI-139922936601424', 6, {'actions': 1, 'buys': 1, 'coins': 0, 'hand': ['Estate', 'Copper', 'Copper', 'Copper', 'Copper']})
01:10:45 - INFO - ('action', 'GeneticAI-139922936601424', 'plays Copper', {'coins_before': 0, 'coins_added': 1, 'coins_after': 1, 'remaining_treasures': ['Copper', 'Copper', 'Copper']})
01:10:45 - INFO - ('action', 'GeneticAI-139922936601424', 'plays Copper', {'coins_before': 1, 'coins_added': 1, 'coins_after': 2, 'remaining_treasures': ['Copper', 'Copper']})
01:10:45 - INFO - ('action', 'GeneticAI-139922936601424', 'plays Copper', {'coins_before': 2, 'coins_added': 1, 'coins_after': 3, 'remaining_treasures': ['Copper']})
01:10:45 - INFO - ('action', 'GeneticAI-139922936601424', 'plays Copper', {'coins_before': 3, 'coins_added': 1, 'coins_after': 4, 'remaining_treasures': []})
01:10:45 - INFO - ('action', 'GeneticAI-139922936601424', 'buys Skulk', {'cost': 4, 'remaining_coins': 0, 'remaining_buys': 0})
01:10:45 - INFO - ('supply_change', 'Skulk', -1, 7)
01:10:45 - INFO - ('turn_header', 'GeneticAI-139922936598784', 7, {'actions': 1, 'buys': 1, 'coins': 0, 'hand': ['Witch', 'Copper', 'Copper', 'Copper', 'Copper']})
01:10:45 - INFO - ('action', 'GeneticAI-139922936598784', 'plays Witch', {'remaining_actions': 0, 'hand': ['Copper', 'Copper', 'Copper', 'Copper']})
01:10:45 - INFO - ('action', 'GeneticAI-139922936598784', 'gives curse to GeneticAI-139922936601424', {'curses_remaining': 8})
01:10:45 - INFO - ('action', 'GeneticAI-139922936598784', 'plays Gold', {'coins_before': 0, 'coins_added': 3, 'coins_after': 3, 'remaining_treasures': ['Copper', 'Copper', 'Copper', 'Copper', 'Copper']})
01:10:45 - INFO - ('action', 'GeneticAI-139922936598784', 'plays Copper', {'coins_before': 3, 'coins_added': 1, 'coins_after': 4, 'remaining_treasures': ['Copper', 'Copper', 'Copper', 'Copper']})
01:10:45 - INFO - ('action', 'GeneticAI-139922936598784', 'plays Copper', {'coins_before': 4, 'coins_added': 1, 'coins_after': 5, 'remaining_treasures': ['Copper', 'Copper', 'Copper']})
01:10:45 - INFO - ('action', 'GeneticAI-139922936598784', 'plays Copper', {'coins_before': 5, 'coins_added': 1, 'coins_after': 6, 'remaining_treasures': ['Copper', 'Copper']})
01:10:45 - INFO - ('action', 'GeneticAI-139922936598784', 'plays Copper', {'coins_before': 6, 'coins_added': 1, 'coins_after': 7, 'remaining_treasures': ['Copper']})
01:10:45 - INFO - ('action', 'GeneticAI-139922936598784', 'plays Copper', {'coins_before': 7, 'coins_added': 1, 'coins_after': 8, 'remaining_treasures': []})
01:10:45 - INFO - ('action', 'GeneticAI-139922936598784', 'buys Province', {'cost': 8, 'remaining_coins': 0, 'remaining_buys': 0})
01:10:45 - INFO - ('supply_change', 'Province', -1, 7)
01:10:45 - INFO - ('turn_header', 'GeneticAI-139922936601424', 7, {'actions': 1, 'buys': 1, 'coins': 0, 'hand': ['Skulk', 'Forager', 'Copper', 'Copper', 'Gold']})
01:10:45 - INFO - ('action', 'GeneticAI-139922936601424', 'plays Forager', {'remaining_actions': 0, 'hand': ['Skulk', 'Copper', 'Copper', 'Gold']})
01:10:45 - INFO - ('action', 'GeneticAI-139922936601424', 'plays Skulk', {'remaining_actions': 0, 'hand': ['Copper', 'Gold']})
01:10:45 - INFO - ('action', 'GeneticAI-139922936601424', 'plays Gold', {'coins_before': 3, 'coins_added': 3, 'coins_after': 6, 'remaining_treasures': ['Copper']})
01:10:45 - INFO - ('action', 'GeneticAI-139922936601424', 'plays Copper', {'coins_before': 6, 'coins_added': 1, 'coins_after': 7, 'remaining_treasures': []})
01:10:45 - INFO - ('action', 'GeneticAI-139922936601424', 'buys Rebuild', {'cost': 5, 'remaining_coins': 2, 'remaining_buys': 2})
01:10:45 - INFO - ('supply_change', 'Rebuild', -1, 9)
01:10:45 - INFO - ('action', 'GeneticAI-139922936601424', 'buys Copper', {'cost': 0, 'remaining_coins': 2, 'remaining_buys': 1})
01:10:45 - INFO - ('supply_change', 'Copper', -1, 40)
01:10:45 - INFO - ('action', 'GeneticAI-139922936601424', 'buys Copper', {'cost': 0, 'remaining_coins': 2, 'remaining_buys': 0})
01:10:45 - INFO - ('supply_change', 'Copper', -1, 39)
01:10:45 - INFO - ('turn_header', 'GeneticAI-139922936598784', 8, {'actions': 1, 'buys': 1, 'coins': 0, 'hand': ['Silver', 'Silver', 'Copper', 'Estate', 'Chapel']})
01:10:45 - INFO - ('action', 'GeneticAI-139922936598784', 'plays Chapel', {'remaining_actions': 0, 'hand': ['Silver', 'Silver', 'Copper', 'Estate']})
01:10:45 - INFO - ('action', 'GeneticAI-139922936598784', 'trashes 2 cards', {'trashed_cards': ['Estate', 'Copper'], 'remaining_hand': ['Silver', 'Silver']})
01:10:45 - INFO - ('action', 'GeneticAI-139922936598784', 'plays Silver', {'coins_before': 0, 'coins_added': 2, 'coins_after': 2, 'remaining_treasures': ['Silver']})
01:10:45 - INFO - ('action', 'GeneticAI-139922936598784', 'plays Silver', {'coins_before': 2, 'coins_added': 2, 'coins_after': 4, 'remaining_treasures': []})
01:10:45 - INFO - ('action', 'GeneticAI-139922936598784', 'buys Silver', {'cost': 3, 'remaining_coins': 1, 'remaining_buys': 0})
01:10:45 - INFO - ('supply_change', 'Silver', -1, 37)
01:10:45 - INFO - ('turn_header', 'GeneticAI-139922936601424', 8, {'actions': 1, 'buys': 1, 'coins': 0, 'hand': ['Copper', 'Copper', 'Copper', 'Skulk', 'Skulk']})
01:10:45 - INFO - ('action', 'GeneticAI-139922936601424', 'plays Skulk', {'remaining_actions': 0, 'hand': ['Copper', 'Copper', 'Copper', 'Skulk']})
01:10:45 - INFO - ('action', 'GeneticAI-139922936601424', 'plays Copper', {'coins_before': 2, 'coins_added': 1, 'coins_after': 3, 'remaining_treasures': ['Copper', 'Copper']})
01:10:45 - INFO - ('action', 'GeneticAI-139922936601424', 'plays Copper', {'coins_before': 3, 'coins_added': 1, 'coins_after': 4, 'remaining_treasures': ['Copper']})
01:10:45 - INFO - ('action', 'GeneticAI-139922936601424', 'plays Copper', {'coins_before': 4, 'coins_added': 1, 'coins_after': 5, 'remaining_treasures': []})
01:10:45 - INFO - ('action', 'GeneticAI-139922936601424', 'buys Modify', {'cost': 5, 'remaining_coins': 0, 'remaining_buys': 1})
01:10:45 - INFO - ('supply_change', 'Modify', -1, 9)
01:10:45 - INFO - ('action', 'GeneticAI-139922936601424', 'buys Copper', {'cost': 0, 'remaining_coins': 0, 'remaining_buys': 0})
01:10:45 - INFO - ('supply_change', 'Copper', -1, 38)
01:10:45 - INFO - ('turn_header', 'GeneticAI-139922936598784', 9, {'actions': 1, 'buys': 1, 'coins': 0, 'hand': ['Copper', 'Copper', 'Witch', 'Silver', 'Silver']})
01:10:45 - INFO - ('action', 'GeneticAI-139922936598784', 'plays Witch', {'remaining_actions': 0, 'hand': ['Copper', 'Copper', 'Silver', 'Silver']})
01:10:45 - INFO - ('action', 'GeneticAI-139922936598784', 'gives curse to GeneticAI-139922936601424', {'curses_remaining': 7})
01:10:45 - INFO - ('action', 'GeneticAI-139922936598784', 'plays Silver', {'coins_before': 0, 'coins_added': 2, 'coins_after': 2, 'remaining_treasures': ['Copper', 'Copper', 'Silver', 'Copper', 'Copper']})
01:10:45 - INFO - ('action', 'GeneticAI-139922936598784', 'plays Silver', {'coins_before': 2, 'coins_added': 2, 'coins_after': 4, 'remaining_treasures': ['Copper', 'Copper', 'Copper', 'Copper']})
01:10:45 - INFO - ('action', 'GeneticAI-139922936598784', 'plays Copper', {'coins_before': 4, 'coins_added': 1, 'coins_after': 5, 'remaining_treasures': ['Copper', 'Copper', 'Copper']})
01:10:45 - INFO - ('action', 'GeneticAI-139922936598784', 'plays Copper', {'coins_before': 5, 'coins_added': 1, 'coins_after': 6, 'remaining_treasures': ['Copper', 'Copper']})
01:10:45 - INFO - ('action', 'GeneticAI-139922936598784', 'plays Copper', {'coins_before': 6, 'coins_added': 1, 'coins_after': 7, 'remaining_treasures': ['Copper']})
01:10:45 - INFO - ('action', 'GeneticAI-139922936598784', 'plays Copper', {'coins_before': 7, 'coins_added': 1, 'coins_after': 8, 'remaining_treasures': []})
01:10:45 - INFO - ('action', 'GeneticAI-139922936598784', 'buys Province', {'cost': 8, 'remaining_coins': 0, 'remaining_buys': 0})
01:10:45 - INFO - ('supply_change', 'Province', -1, 6)
01:10:45 - INFO - ('turn_header', 'GeneticAI-139922936601424', 9, {'actions': 1, 'buys': 1, 'coins': 0, 'hand': ['Curse', 'Estate', 'Curse', 'Forager', 'Copper']})
01:10:45 - INFO - ('action', 'GeneticAI-139922936601424', 'plays Forager', {'remaining_actions': 0, 'hand': ['Curse', 'Estate', 'Curse', 'Copper']})
01:10:45 - INFO - ('action', 'GeneticAI-139922936601424', 'plays Copper', {'coins_before': 1, 'coins_added': 1, 'coins_after': 2, 'remaining_treasures': []})
01:10:45 - INFO - ('action', 'GeneticAI-139922936601424', 'buys Copper', {'cost': 0, 'remaining_coins': 2, 'remaining_buys': 1})
01:10:45 - INFO - ('supply_change', 'Copper', -1, 37)
01:10:45 - INFO - ('action', 'GeneticAI-139922936601424', 'buys Copper', {'cost': 0, 'remaining_coins': 2, 'remaining_buys': 0})
01:10:45 - INFO - ('supply_change', 'Copper', -1, 36)
01:10:45 - INFO - ('turn_header', 'GeneticAI-139922936598784', 10, {'actions': 1, 'buys': 1, 'coins': 0, 'hand': ['Silver', 'Copper', 'Province', 'Chapel', 'Copper']})
01:10:45 - INFO - ('action', 'GeneticAI-139922936598784', 'plays Chapel', {'remaining_actions': 0, 'hand': ['Silver', 'Copper', 'Province', 'Copper']})
01:10:45 - INFO - ('action', 'GeneticAI-139922936598784', 'trashes 2 cards', {'trashed_cards': ['Copper', 'Copper'], 'remaining_hand': ['Silver', 'Province']})
01:10:45 - INFO - ('action', 'GeneticAI-139922936598784', 'plays Silver', {'coins_before': 0, 'coins_added': 2, 'coins_after': 2, 'remaining_treasures': []})
01:10:45 - INFO - ('action', 'GeneticAI-139922936598784', 'buys Copper', {'cost': 0, 'remaining_coins': 2, 'remaining_buys': 0})
01:10:45 - INFO - ('supply_change', 'Copper', -1, 35)
01:10:45 - INFO - ('turn_header', 'GeneticAI-139922936601424', 10, {'actions': 1, 'buys': 1, 'coins': 0, 'hand': ['Copper', 'Forager', 'Copper', 'Copper', 'Rebuild']})
01:10:45 - INFO - ('action', 'GeneticAI-139922936601424', 'plays Forager', {'remaining_actions': 0, 'hand': ['Copper', 'Copper', 'Copper', 'Rebuild']})
01:10:45 - INFO - ('action', 'GeneticAI-139922936601424', 'plays Rebuild', {'remaining_actions': 0, 'hand': ['Copper', 'Copper']})
01:10:45 - INFO - ('action', 'GeneticAI-139922936601424', 'plays Copper', {'coins_before': 1, 'coins_added': 1, 'coins_after': 2, 'remaining_treasures': ['Copper']})
01:10:45 - INFO - ('action', 'GeneticAI-139922936601424', 'plays Copper', {'coins_before': 2, 'coins_added': 1, 'coins_after': 3, 'remaining_treasures': []})
01:10:45 - INFO - ('action', 'GeneticAI-139922936601424', 'buys Silver', {'cost': 3, 'remaining_coins': 0, 'remaining_buys': 1})
01:10:45 - INFO - ('supply_change', 'Silver', -1, 36)
01:10:45 - INFO - ('action', 'GeneticAI-139922936601424', 'buys Copper', {'cost': 0, 'remaining_coins': 0, 'remaining_buys': 0})
01:10:45 - INFO - ('supply_change', 'Copper', -1, 34)
01:10:45 - INFO - ('turn_header', 'GeneticAI-139922936598784', 11, {'actions': 1, 'buys': 1, 'coins': 0, 'hand': ['Copper', 'Gold', 'Silver', 'Province', 'Copper']})
01:10:45 - INFO - ('action', 'GeneticAI-139922936598784', 'plays Gold', {'coins_before': 0, 'coins_added': 3, 'coins_after': 3, 'remaining_treasures': ['Copper', 'Silver', 'Copper']})
01:10:45 - INFO - ('action', 'GeneticAI-139922936598784', 'plays Silver', {'coins_before': 3, 'coins_added': 2, 'coins_after': 5, 'remaining_treasures': ['Copper', 'Copper']})
01:10:45 - INFO - ('action', 'GeneticAI-139922936598784', 'plays Copper', {'coins_before': 5, 'coins_added': 1, 'coins_after': 6, 'remaining_treasures': ['Copper']})
01:10:45 - INFO - ('action', 'GeneticAI-139922936598784', 'plays Copper', {'coins_before': 6, 'coins_added': 1, 'coins_after': 7, 'remaining_treasures': []})
01:10:45 - INFO - ('action', 'GeneticAI-139922936598784', 'buys Gold', {'cost': 6, 'remaining_coins': 1, 'remaining_buys': 0})
01:10:45 - INFO - ('supply_change', 'Gold', -1, 25)
01:10:45 - INFO - ('turn_header', 'GeneticAI-139922936601424', 11, {'actions': 1, 'buys': 1, 'coins': 0, 'hand': ['Gold', 'Copper', 'Skulk', 'Gold', 'Copper']})
01:10:45 - INFO - ('action', 'GeneticAI-139922936601424', 'plays Skulk', {'remaining_actions': 0, 'hand': ['Gold', 'Copper', 'Gold', 'Copper']})
01:10:45 - INFO - ('action', 'GeneticAI-139922936601424', 'plays Gold', {'coins_before': 2, 'coins_added': 3, 'coins_after': 5, 'remaining_treasures': ['Copper', 'Gold', 'Copper']})
01:10:45 - INFO - ('action', 'GeneticAI-139922936601424', 'plays Gold', {'coins_before': 5, 'coins_added': 3, 'coins_after': 8, 'remaining_treasures': ['Copper', 'Copper']})
01:10:45 - INFO - ('action', 'GeneticAI-139922936601424', 'plays Copper', {'coins_before': 8, 'coins_added': 1, 'coins_after': 9, 'remaining_treasures': ['Copper']})
01:10:45 - INFO - ('action', 'GeneticAI-139922936601424', 'plays Copper', {'coins_before': 9, 'coins_added': 1, 'coins_after': 10, 'remaining_treasures': []})
01:10:45 - INFO - ('action', 'GeneticAI-139922936601424', 'buys Province', {'cost': 8, 'remaining_coins': 2, 'remaining_buys': 1})
01:10:45 - INFO - ('supply_change', 'Province', -1, 5)
01:10:45 - INFO - ('action', 'GeneticAI-139922936601424', 'buys Copper', {'cost': 0, 'remaining_coins': 2, 'remaining_buys': 0})
01:10:45 - INFO - ('supply_change', 'Copper', -1, 33)
01:10:45 - INFO - ('turn_header', 'GeneticAI-139922936598784', 12, {'actions': 1, 'buys': 1, 'coins': 0, 'hand': ['Silver', 'Chapel', 'Copper', 'Silver', 'Province']})
01:10:45 - INFO - ('action', 'GeneticAI-139922936598784', 'plays Chapel', {'remaining_actions': 0, 'hand': ['Silver', 'Copper', 'Silver', 'Province']})
01:10:45 - INFO - ('action', 'GeneticAI-139922936598784', 'trashes 1 cards', {'trashed_cards': ['Copper'], 'remaining_hand': ['Silver', 'Silver', 'Province']})
01:10:45 - INFO - ('action', 'GeneticAI-139922936598784', 'plays Silver', {'coins_before': 0, 'coins_added': 2, 'coins_after': 2, 'remaining_treasures': ['Silver']})
01:10:45 - INFO - ('action', 'GeneticAI-139922936598784', 'plays Silver', {'coins_before': 2, 'coins_added': 2, 'coins_after': 4, 'remaining_treasures': []})
01:10:45 - INFO - ('action', 'GeneticAI-139922936598784', 'buys Silver', {'cost': 3, 'remaining_coins': 1, 'remaining_buys': 0})
01:10:45 - INFO - ('supply_change', 'Silver', -1, 35)
01:10:45 - INFO - ('turn_header', 'GeneticAI-139922936601424', 12, {'actions': 1, 'buys': 1, 'coins': 0, 'hand': ['Copper', 'Copper', 'Gold', 'Copper', 'Skulk']})
01:10:45 - INFO - ('action', 'GeneticAI-139922936601424', 'plays Skulk', {'remaining_actions': 0, 'hand': ['Copper', 'Copper', 'Gold', 'Copper']})
01:10:45 - INFO - ('action', 'GeneticAI-139922936601424', 'plays Gold', {'coins_before': 2, 'coins_added': 3, 'coins_after': 5, 'remaining_treasures': ['Copper', 'Copper', 'Copper']})
01:10:45 - INFO - ('action', 'GeneticAI-139922936601424', 'plays Copper', {'coins_before': 5, 'coins_added': 1, 'coins_after': 6, 'remaining_treasures': ['Copper', 'Copper']})
01:10:45 - INFO - ('action', 'GeneticAI-139922936601424', 'plays Copper', {'coins_before': 6, 'coins_added': 1, 'coins_after': 7, 'remaining_treasures': ['Copper']})
01:10:45 - INFO - ('action', 'GeneticAI-139922936601424', 'plays Copper', {'coins_before': 7, 'coins_added': 1, 'coins_after': 8, 'remaining_treasures': []})
01:10:45 - INFO - ('action', 'GeneticAI-139922936601424', 'buys Province', {'cost': 8, 'remaining_coins': 0, 'remaining_buys': 1})
01:10:45 - INFO - ('supply_change', 'Province', -1, 4)
01:10:45 - INFO - ('action', 'GeneticAI-139922936601424', 'buys Copper', {'cost': 0, 'remaining_coins': 0, 'remaining_buys': 0})
01:10:45 - INFO - ('supply_change', 'Copper', -1, 32)
01:10:45 - INFO - ('turn_header', 'GeneticAI-139922936598784', 13, {'actions': 1, 'buys': 1, 'coins': 0, 'hand': ['Witch', 'Copper', 'Copper', 'Copper', 'Province']})
01:10:45 - INFO - ('action', 'GeneticAI-139922936598784', 'plays Witch', {'remaining_actions': 0, 'hand': ['Copper', 'Copper', 'Copper', 'Province']})
01:10:45 - INFO - ('action', 'GeneticAI-139922936598784', 'gives curse to GeneticAI-139922936601424', {'curses_remaining': 6})
01:10:45 - INFO - ('action', 'GeneticAI-139922936598784', 'plays Gold', {'coins_before': 0, 'coins_added': 3, 'coins_after': 3, 'remaining_treasures': ['Copper', 'Copper', 'Copper', 'Silver']})
01:10:45 - INFO - ('action', 'GeneticAI-139922936598784', 'plays Silver', {'coins_before': 3, 'coins_added': 2, 'coins_after': 5, 'remaining_treasures': ['Copper', 'Copper', 'Copper']})
01:10:45 - INFO - ('action', 'GeneticAI-139922936598784', 'plays Copper', {'coins_before': 5, 'coins_added': 1, 'coins_after': 6, 'remaining_treasures': ['Copper', 'Copper']})
01:10:45 - INFO - ('action', 'GeneticAI-139922936598784', 'plays Copper', {'coins_before': 6, 'coins_added': 1, 'coins_after': 7, 'remaining_treasures': ['Copper']})
01:10:45 - INFO - ('action', 'GeneticAI-139922936598784', 'plays Copper', {'coins_before': 7, 'coins_added': 1, 'coins_after': 8, 'remaining_treasures': []})
01:10:45 - INFO - ('action', 'GeneticAI-139922936598784', 'buys Province', {'cost': 8, 'remaining_coins': 0, 'remaining_buys': 0})
01:10:45 - INFO - ('supply_change', 'Province', -1, 3)
01:10:45 - INFO - ('turn_header', 'GeneticAI-139922936601424', 13, {'actions': 1, 'buys': 1, 'coins': 0, 'hand': ['Silver', 'Province', 'Duchy', 'Copper', 'Forager']})
01:10:45 - INFO - ('action', 'GeneticAI-139922936601424', 'plays Forager', {'remaining_actions': 0, 'hand': ['Silver', 'Province', 'Duchy', 'Copper']})
01:10:45 - INFO - ('action', 'GeneticAI-139922936601424', 'plays Silver', {'coins_before': 1, 'coins_added': 2, 'coins_after': 3, 'remaining_treasures': []})
01:10:45 - INFO - ('action', 'GeneticAI-139922936601424', 'buys Silver', {'cost': 3, 'remaining_coins': 0, 'remaining_buys': 1})
01:10:45 - INFO - ('supply_change', 'Silver', -1, 34)
01:10:45 - INFO - ('action', 'GeneticAI-139922936601424', 'buys Copper', {'cost': 0, 'remaining_coins': 0, 'remaining_buys': 0})
01:10:45 - INFO - ('supply_change', 'Copper', -1, 31)
01:10:45 - INFO - ('turn_header', 'GeneticAI-139922936598784', 14, {'actions': 1, 'buys': 1, 'coins': 0, 'hand': ['Copper', 'Copper', 'Silver', 'Province', 'Gold']})
01:10:45 - INFO - ('action', 'GeneticAI-139922936598784', 'plays Gold', {'coins_before': 0, 'coins_added': 3, 'coins_after': 3, 'remaining_treasures': ['Copper', 'Copper', 'Silver']})
01:10:45 - INFO - ('action', 'GeneticAI-139922936598784', 'plays Silver', {'coins_before': 3, 'coins_added': 2, 'coins_after': 5, 'remaining_treasures': ['Copper', 'Copper']})
01:10:45 - INFO - ('action', 'GeneticAI-139922936598784', 'plays Copper', {'coins_before': 5, 'coins_added': 1, 'coins_after': 6, 'remaining_treasures': ['Copper']})
01:10:45 - INFO - ('action', 'GeneticAI-139922936598784', 'plays Copper', {'coins_before': 6, 'coins_added': 1, 'coins_after': 7, 'remaining_treasures': []})
01:10:45 - INFO - ('action', 'GeneticAI-139922936598784', 'buys Gold', {'cost': 6, 'remaining_coins': 1, 'remaining_buys': 0})
01:10:45 - INFO - ('supply_change', 'Gold', -1, 24)
01:10:45 - INFO - ('turn_header', 'GeneticAI-139922936601424', 14, {'actions': 1, 'buys': 1, 'coins': 0, 'hand': ['Copper', 'Skulk', 'Gold', 'Copper', 'Gold']})
01:10:45 - INFO - ('action', 'GeneticAI-139922936601424', 'plays Skulk', {'remaining_actions': 0, 'hand': ['Copper', 'Gold', 'Copper', 'Gold']})
01:10:45 - INFO - ('action', 'GeneticAI-139922936601424', 'plays Gold', {'coins_before': 2, 'coins_added': 3, 'coins_after': 5, 'remaining_treasures': ['Copper', 'Copper', 'Gold']})
01:10:45 - INFO - ('action', 'GeneticAI-139922936601424', 'plays Gold', {'coins_before': 5, 'coins_added': 3, 'coins_after': 8, 'remaining_treasures': ['Copper', 'Copper']})
01:10:45 - INFO - ('action', 'GeneticAI-139922936601424', 'plays Copper', {'coins_before': 8, 'coins_added': 1, 'coins_after': 9, 'remaining_treasures': ['Copper']})
01:10:45 - INFO - ('action', 'GeneticAI-139922936601424', 'plays Copper', {'coins_before': 9, 'coins_added': 1, 'coins_after': 10, 'remaining_treasures': []})
01:10:45 - INFO - ('action', 'GeneticAI-139922936601424', 'buys Province', {'cost': 8, 'remaining_coins': 2, 'remaining_buys': 1})
01:10:45 - INFO - ('supply_change', 'Province', -1, 2)
01:10:45 - INFO - ('action', 'GeneticAI-139922936601424', 'buys Estate', {'cost': 2, 'remaining_coins': 0, 'remaining_buys': 0})
01:10:45 - INFO - ('supply_change', 'Estate', -1, 7)
01:10:45 - INFO - ('turn_header', 'GeneticAI-139922936598784', 15, {'actions': 1, 'buys': 1, 'coins': 0, 'hand': ['Chapel', 'Silver', 'Silver', 'Gold', 'Gold']})
01:10:45 - INFO - ('action', 'GeneticAI-139922936598784', 'plays Chapel', {'remaining_actions': 0, 'hand': ['Silver', 'Silver', 'Gold', 'Gold']})
01:10:45 - INFO - ('action', 'GeneticAI-139922936598784', 'trashes 0 cards', {'trashed_cards': [], 'remaining_hand': ['Silver', 'Silver', 'Gold', 'Gold']})
01:10:45 - INFO - ('action', 'GeneticAI-139922936598784', 'plays Gold', {'coins_before': 0, 'coins_added': 3, 'coins_after': 3, 'remaining_treasures': ['Silver', 'Silver', 'Gold']})
01:10:45 - INFO - ('action', 'GeneticAI-139922936598784', 'plays Gold', {'coins_before': 3, 'coins_added': 3, 'coins_after': 6, 'remaining_treasures': ['Silver', 'Silver']})
01:10:45 - INFO - ('action', 'GeneticAI-139922936598784', 'plays Silver', {'coins_before': 6, 'coins_added': 2, 'coins_after': 8, 'remaining_treasures': ['Silver']})
01:10:45 - INFO - ('action', 'GeneticAI-139922936598784', 'plays Silver', {'coins_before': 8, 'coins_added': 2, 'coins_after': 10, 'remaining_treasures': []})
01:10:45 - INFO - ('action', 'GeneticAI-139922936598784', 'buys Province', {'cost': 8, 'remaining_coins': 2, 'remaining_buys': 0})
01:10:45 - INFO - ('supply_change', 'Province', -1, 1)
01:10:45 - INFO - ('turn_header', 'GeneticAI-139922936601424', 15, {'actions': 1, 'buys': 1, 'coins': 0, 'hand': ['Modify', 'Forager', 'Curse', 'Skulk', 'Copper']})
01:10:45 - INFO - ('action', 'GeneticAI-139922936601424', 'plays Forager', {'remaining_actions': 0, 'hand': ['Modify', 'Curse', 'Skulk', 'Copper']})
01:10:45 - INFO - ('action', 'GeneticAI-139922936601424', 'plays Modify', {'remaining_actions': 0, 'hand': ['Skulk', 'Copper']})
01:10:45 - INFO - ('action', 'GeneticAI-139922936601424', 'plays Skulk', {'remaining_actions': 0, 'hand': []})
01:10:45 - INFO - ('action', 'GeneticAI-139922936601424', 'buys Silver', {'cost': 3, 'remaining_coins': 0, 'remaining_buys': 2})
01:10:45 - INFO - ('supply_change', 'Silver', -1, 33)
01:10:45 - INFO - ('action', 'GeneticAI-139922936601424', 'buys Copper', {'cost': 0, 'remaining_coins': 0, 'remaining_buys': 1})
01:10:45 - INFO - ('supply_change', 'Copper', -1, 30)
01:10:45 - INFO - ('action', 'GeneticAI-139922936601424', 'buys Copper', {'cost': 0, 'remaining_coins': 0, 'remaining_buys': 0})
01:10:45 - INFO - ('supply_change', 'Copper', -1, 29)
01:10:45 - INFO - ('turn_header', 'GeneticAI-139922936598784', 16, {'actions': 1, 'buys': 1, 'coins': 0, 'hand': ['Silver', 'Province', 'Copper', 'Silver', 'Copper']})
01:10:45 - INFO - ('action', 'GeneticAI-139922936598784', 'plays Silver', {'coins_before': 0, 'coins_added': 2, 'coins_after': 2, 'remaining_treasures': ['Copper', 'Silver', 'Copper']})
01:10:45 - INFO - ('action', 'GeneticAI-139922936598784', 'plays Silver', {'coins_before': 2, 'coins_added': 2, 'coins_after': 4, 'remaining_treasures': ['Copper', 'Copper']})
01:10:45 - INFO - ('action', 'GeneticAI-139922936598784', 'plays Copper', {'coins_before': 4, 'coins_added': 1, 'coins_after': 5, 'remaining_treasures': ['Copper']})
01:10:45 - INFO - ('action', 'GeneticAI-139922936598784', 'plays Copper', {'coins_before': 5, 'coins_added': 1, 'coins_after': 6, 'remaining_treasures': []})
01:10:45 - INFO - ('action', 'GeneticAI-139922936598784', 'buys Gold', {'cost': 6, 'remaining_coins': 0, 'remaining_buys': 0})
01:10:45 - INFO - ('supply_change', 'Gold', -1, 23)
01:10:45 - INFO - ('turn_header', 'GeneticAI-139922936601424', 16, {'actions': 1, 'buys': 1, 'coins': 0, 'hand': ['Rebuild', 'Copper', 'Copper', 'Copper', 'Copper']})
01:10:45 - INFO - ('action', 'GeneticAI-139922936601424', 'plays Rebuild', {'remaining_actions': 0, 'hand': ['Copper', 'Copper', 'Copper', 'Copper']})
01:10:45 - INFO - ('action', 'GeneticAI-139922936601424', 'plays Copper', {'coins_before': 0, 'coins_added': 1, 'coins_after': 1, 'remaining_treasures': ['Copper', 'Copper', 'Copper']})
01:10:45 - INFO - ('action', 'GeneticAI-139922936601424', 'plays Copper', {'coins_before': 1, 'coins_added': 1, 'coins_after': 2, 'remaining_treasures': ['Copper', 'Copper']})
01:10:45 - INFO - ('action', 'GeneticAI-139922936601424', 'plays Copper', {'coins_before': 2, 'coins_added': 1, 'coins_after': 3, 'remaining_treasures': ['Copper']})
01:10:45 - INFO - ('action', 'GeneticAI-139922936601424', 'plays Copper', {'coins_before': 3, 'coins_added': 1, 'coins_after': 4, 'remaining_treasures': []})
01:10:45 - INFO - ('action', 'GeneticAI-139922936601424', 'buys Silver', {'cost': 3, 'remaining_coins': 1, 'remaining_buys': 0})
01:10:45 - INFO - ('supply_change', 'Silver', -1, 32)
01:10:45 - INFO - ('turn_header', 'GeneticAI-139922936598784', 17, {'actions': 1, 'buys': 1, 'coins': 0, 'hand': ['Copper', 'Copper', 'Province', 'Gold', 'Province']})
01:10:45 - INFO - ('action', 'GeneticAI-139922936598784', 'plays Gold', {'coins_before': 0, 'coins_added': 3, 'coins_after': 3, 'remaining_treasures': ['Copper', 'Copper']})
01:10:45 - INFO - ('action', 'GeneticAI-139922936598784', 'plays Copper', {'coins_before': 3, 'coins_added': 1, 'coins_after': 4, 'remaining_treasures': ['Copper']})
01:10:45 - INFO - ('action', 'GeneticAI-139922936598784', 'plays Copper', {'coins_before': 4, 'coins_added': 1, 'coins_after': 5, 'remaining_treasures': []})
01:10:45 - INFO - ('action', 'GeneticAI-139922936598784', 'buys Silver', {'cost': 3, 'remaining_coins': 2, 'remaining_buys': 0})
01:10:45 - INFO - ('supply_change', 'Silver', -1, 31)
01:10:45 - INFO - ('turn_header', 'GeneticAI-139922936601424', 17, {'actions': 1, 'buys': 1, 'coins': 0, 'hand': ['Copper', 'Copper', 'Copper', 'Copper', 'Curse']})
01:10:45 - INFO - ('action', 'GeneticAI-139922936601424', 'plays Copper', {'coins_before': 0, 'coins_added': 1, 'coins_after': 1, 'remaining_treasures': ['Copper', 'Copper', 'Copper']})
01:10:45 - INFO - ('action', 'GeneticAI-139922936601424', 'plays Copper', {'coins_before': 1, 'coins_added': 1, 'coins_after': 2, 'remaining_treasures': ['Copper', 'Copper']})
01:10:45 - INFO - ('action', 'GeneticAI-139922936601424', 'plays Copper', {'coins_before': 2, 'coins_added': 1, 'coins_after': 3, 'remaining_treasures': ['Copper']})
01:10:45 - INFO - ('action', 'GeneticAI-139922936601424', 'plays Copper', {'coins_before': 3, 'coins_added': 1, 'coins_after': 4, 'remaining_treasures': []})
01:10:45 - INFO - ('action', 'GeneticAI-139922936601424', 'buys Silver', {'cost': 3, 'remaining_coins': 1, 'remaining_buys': 0})
01:10:45 - INFO - ('supply_change', 'Silver', -1, 30)
01:10:45 - INFO - ('turn_header', 'GeneticAI-139922936598784', 18, {'actions': 1, 'buys': 1, 'coins': 0, 'hand': ['Copper', 'Witch', 'Silver', 'Province', 'Gold']})
01:10:45 - INFO - ('action', 'GeneticAI-139922936598784', 'plays Witch', {'remaining_actions': 0, 'hand': ['Copper', 'Silver', 'Province', 'Gold']})
01:10:45 - INFO - ('action', 'GeneticAI-139922936598784', 'gives curse to GeneticAI-139922936601424', {'curses_remaining': 5})
01:10:45 - INFO - ('action', 'GeneticAI-139922936598784', 'plays Gold', {'coins_before': 0, 'coins_added': 3, 'coins_after': 3, 'remaining_treasures': ['Copper', 'Silver', 'Gold', 'Copper']})
01:10:45 - INFO - ('action', 'GeneticAI-139922936598784', 'plays Gold', {'coins_before': 3, 'coins_added': 3, 'coins_after': 6, 'remaining_treasures': ['Copper', 'Silver', 'Copper']})
01:10:45 - INFO - ('action', 'GeneticAI-139922936598784', 'plays Silver', {'coins_before': 6, 'coins_added': 2, 'coins_after': 8, 'remaining_treasures': ['Copper', 'Copper']})
01:10:45 - INFO - ('action', 'GeneticAI-139922936598784', 'plays Copper', {'coins_before': 8, 'coins_added': 1, 'coins_after': 9, 'remaining_treasures': ['Copper']})
01:10:45 - INFO - ('action', 'GeneticAI-139922936598784', 'plays Copper', {'coins_before': 9, 'coins_added': 1, 'coins_after': 10, 'remaining_treasures': []})
01:10:45 - INFO - ('action', 'GeneticAI-139922936598784', 'buys Province', {'cost': 8, 'remaining_coins': 2, 'remaining_buys': 0})
01:10:45 - INFO - ('supply_change', 'Province', -1, 0)
01:10:45 - INFO - Game over: Provinces depleted
01:10:45 - INFO - 
============================================================
01:10:45 - INFO - Game Over!
01:10:45 - INFO - Winner: AI-1399
01:10:45 - INFO - 
Final Scores:
01:10:45 - INFO -   AI-1399: 30
01:10:45 - INFO -   AI-1399: 22
01:10:45 - INFO - 
Final Supply State:
01:10:45 - INFO -   Copper: 29 remaining
01:10:45 - INFO -   Silver: 30 remaining
01:10:45 - INFO -   Gold: 23 remaining
01:10:45 - INFO -   Estate: 6 remaining
01:10:45 - INFO -   Duchy: 6 remaining
01:10:45 - INFO -   Province: Empty
01:10:45 - INFO -   Curse: 5 remaining
01:10:45 - INFO -   Chapel: 9 remaining
01:10:45 - INFO -   Collection: 10 remaining
01:10:45 - INFO -   Forager: 8 remaining
01:10:45 - INFO -   Modify: 9 remaining
01:10:45 - INFO -   Patrician: 10 remaining
01:10:45 - INFO -   Rebuild: 9 remaining
01:10:45 - INFO -   Skulk: 7 remaining
01:10:45 - INFO -   Witch: 9 remaining
01:10:45 - INFO - ============================================================

