00:58:34 - INFO - ============================================================
00:58:34 - INFO - Starting Game 1
00:58:34 - INFO - Players: GeneticAI-140348923316656, GeneticAI-140348923318048
00:58:34 - INFO - ============================================================
00:58:34 - INFO - Supply initialized: {'Copper': 46, 'Silver': 40, 'Gold': 30, 'Estate': 8, 'Duchy': 8, 'Province': 8, 'Curse': 10, 'Village': 10, 'Smithy': 10, 'Market': 10, 'Festival': 10, 'Laboratory': 10, 'Mine': 10, 'Witch': 10, 'Moat': 10, 'Workshop': 10, 'Chapel': 10}
00:58:34 - INFO - Game initialized with players: Player 6656 (ChapelWitch), Player 8048 (CollectionPatricianRebuild)
00:58:34 - INFO - Kingdom cards: Village, Smithy, Market, Festival, Laboratory, Mine, Witch, Moat, Workshop, Chapel
00:58:34 - INFO - ('turn_header', 'GeneticAI-140348923316656', 1, {'actions': 1, 'buys': 1, 'coins': 0, 'hand': ['Copper', 'Copper', 'Copper', 'Estate', 'Estate']})
00:58:34 - INFO - ('action', 'GeneticAI-140348923316656', 'plays Copper', {'coins_before': 0, 'coins_added': 1, 'coins_after': 1, 'remaining_treasures': ['Copper', 'Copper']})
00:58:34 - INFO - ('action', 'GeneticAI-140348923316656', 'plays Copper', {'coins_before': 1, 'coins_added': 1, 'coins_after': 2, 'remaining_treasures': ['Copper']})
00:58:34 - INFO - ('action', 'GeneticAI-140348923316656', 'plays Copper', {'coins_before': 2, 'coins_added': 1, 'coins_after': 3, 'remaining_treasures': []})
00:58:34 - INFO - ('action', 'GeneticAI-140348923316656', 'buys Chapel', {'cost': 2, 'remaining_coins': 1, 'remaining_buys': 0})
00:58:34 - INFO - ('supply_change', 'Chapel', -1, 9)
00:58:34 - INFO - ('turn_header', 'GeneticAI-140348923318048', 1, {'actions': 1, 'buys': 1, 'coins': 0, 'hand': ['Copper', 'Copper', 'Estate', 'Copper', 'Estate']})
00:58:34 - INFO - ('action', 'GeneticAI-140348923318048', 'plays Copper', {'coins_before': 0, 'coins_added': 1, 'coins_after': 1, 'remaining_treasures': ['Copper', 'Copper']})
00:58:34 - INFO - ('action', 'GeneticAI-140348923318048', 'plays Copper', {'coins_before': 1, 'coins_added': 1, 'coins_after': 2, 'remaining_treasures': ['Copper']})
00:58:34 - INFO - ('action', 'GeneticAI-140348923318048', 'plays Copper', {'coins_before': 2, 'coins_added': 1, 'coins_after': 3, 'remaining_treasures': []})
00:58:34 - INFO - ('action', 'GeneticAI-140348923318048', 'buys Silver', {'cost': 3, 'remaining_coins': 0, 'remaining_buys': 0})
00:58:34 - INFO - ('supply_change', 'Silver', -1, 39)
00:58:34 - INFO - ('turn_header', 'GeneticAI-140348923316656', 2, {'actions': 1, 'buys': 1, 'coins': 0, 'hand': ['Copper', 'Copper', 'Copper', 'Copper', 'Estate']})
00:58:34 - INFO - ('action', 'GeneticAI-140348923316656', 'plays Copper', {'coins_before': 0, 'coins_added': 1, 'coins_after': 1, 'remaining_treasures': ['Copper', 'Copper', 'Copper']})
00:58:34 - INFO - ('action', 'GeneticAI-140348923316656', 'plays Copper', {'coins_before': 1, 'coins_added': 1, 'coins_after': 2, 'remaining_treasures': ['Copper', 'Copper']})
00:58:34 - INFO - ('action', 'GeneticAI-140348923316656', 'plays Copper', {'coins_before': 2, 'coins_added': 1, 'coins_after': 3, 'remaining_treasures': ['Copper']})
00:58:34 - INFO - ('action', 'GeneticAI-140348923316656', 'plays Copper', {'coins_before': 3, 'coins_added': 1, 'coins_after': 4, 'remaining_treasures': []})
00:58:34 - INFO - ('action', 'GeneticAI-140348923316656', 'buys Silver', {'cost': 3, 'remaining_coins': 1, 'remaining_buys': 0})
00:58:34 - INFO - ('supply_change', 'Silver', -1, 38)
00:58:34 - INFO - ('turn_header', 'GeneticAI-140348923318048', 2, {'actions': 1, 'buys': 1, 'coins': 0, 'hand': ['Copper', 'Copper', 'Copper', 'Copper', 'Estate']})
00:58:34 - INFO - ('action', 'GeneticAI-140348923318048', 'plays Copper', {'coins_before': 0, 'coins_added': 1, 'coins_after': 1, 'remaining_treasures': ['Copper', 'Copper', 'Copper']})
00:58:34 - INFO - ('action', 'GeneticAI-140348923318048', 'plays Copper', {'coins_before': 1, 'coins_added': 1, 'coins_after': 2, 'remaining_treasures': ['Copper', 'Copper']})
00:58:34 - INFO - ('action', 'GeneticAI-140348923318048', 'plays Copper', {'coins_before': 2, 'coins_added': 1, 'coins_after': 3, 'remaining_treasures': ['Copper']})
00:58:34 - INFO - ('action', 'GeneticAI-140348923318048', 'plays Copper', {'coins_before': 3, 'coins_added': 1, 'coins_after': 4, 'remaining_treasures': []})
00:58:34 - INFO - ('action', 'GeneticAI-140348923318048', 'buys Silver', {'cost': 3, 'remaining_coins': 1, 'remaining_buys': 0})
00:58:34 - INFO - ('supply_change', 'Silver', -1, 37)
00:58:34 - INFO - ('turn_header', 'GeneticAI-140348923316656', 3, {'actions': 1, 'buys': 1, 'coins': 0, 'hand': ['Copper', 'Copper', 'Estate', 'Chapel', 'Copper']})
00:58:34 - INFO - ('action', 'GeneticAI-140348923316656', 'plays Chapel', {'remaining_actions': 0, 'hand': ['Copper', 'Copper', 'Estate', 'Copper']})
00:58:34 - INFO - ('action', 'GeneticAI-140348923316656', 'trashes 1 cards', {'trashed_cards': ['Estate'], 'remaining_hand': ['Copper', 'Copper', 'Copper']})
00:58:34 - INFO - ('action', 'GeneticAI-140348923316656', 'plays Copper', {'coins_before': 0, 'coins_added': 1, 'coins_after': 1, 'remaining_treasures': ['Copper', 'Copper']})
00:58:34 - INFO - ('action', 'GeneticAI-140348923316656', 'plays Copper', {'coins_before': 1, 'coins_added': 1, 'coins_after': 2, 'remaining_treasures': ['Copper']})
00:58:34 - INFO - ('action', 'GeneticAI-140348923316656', 'plays Copper', {'coins_before': 2, 'coins_added': 1, 'coins_after': 3, 'remaining_treasures': []})
00:58:34 - INFO - ('action', 'GeneticAI-140348923316656', 'buys Silver', {'cost': 3, 'remaining_coins': 0, 'remaining_buys': 0})
00:58:34 - INFO - ('supply_change', 'Silver', -1, 36)
00:58:34 - INFO - ('turn_header', 'GeneticAI-140348923318048', 3, {'actions': 1, 'buys': 1, 'coins': 0, 'hand': ['Copper', 'Copper', 'Estate', 'Copper', 'Silver']})
00:58:34 - INFO - ('action', 'GeneticAI-140348923318048', 'plays Silver', {'coins_before': 0, 'coins_added': 2, 'coins_after': 2, 'remaining_treasures': ['Copper', 'Copper', 'Copper']})
00:58:34 - INFO - ('action', 'GeneticAI-140348923318048', 'plays Copper', {'coins_before': 2, 'coins_added': 1, 'coins_after': 3, 'remaining_treasures': ['Copper', 'Copper']})
00:58:34 - INFO - ('action', 'GeneticAI-140348923318048', 'plays Copper', {'coins_before': 3, 'coins_added': 1, 'coins_after': 4, 'remaining_treasures': ['Copper']})
00:58:34 - INFO - ('action', 'GeneticAI-140348923318048', 'plays Copper', {'coins_before': 4, 'coins_added': 1, 'coins_after': 5, 'remaining_treasures': []})
00:58:34 - INFO - ('action', 'GeneticAI-140348923318048', 'buys Silver', {'cost': 3, 'remaining_coins': 2, 'remaining_buys': 0})
00:58:34 - INFO - ('supply_change', 'Silver', -1, 35)
00:58:34 - INFO - ('turn_header', 'GeneticAI-140348923316656', 4, {'actions': 1, 'buys': 1, 'coins': 0, 'hand': ['Copper', 'Estate', 'Copper', 'Silver', 'Copper']})
00:58:34 - INFO - ('action', 'GeneticAI-140348923316656', 'plays Silver', {'coins_before': 0, 'coins_added': 2, 'coins_after': 2, 'remaining_treasures': ['Copper', 'Copper', 'Copper']})
00:58:34 - INFO - ('action', 'GeneticAI-140348923316656', 'plays Copper', {'coins_before': 2, 'coins_added': 1, 'coins_after': 3, 'remaining_treasures': ['Copper', 'Copper']})
00:58:34 - INFO - ('action', 'GeneticAI-140348923316656', 'plays Copper', {'coins_before': 3, 'coins_added': 1, 'coins_after': 4, 'remaining_treasures': ['Copper']})
00:58:34 - INFO - ('action', 'GeneticAI-140348923316656', 'plays Copper', {'coins_before': 4, 'coins_added': 1, 'coins_after': 5, 'remaining_treasures': []})
00:58:34 - INFO - ('action', 'GeneticAI-140348923316656', 'buys Witch', {'cost': 5, 'remaining_coins': 0, 'remaining_buys': 0})
00:58:34 - INFO - ('supply_change', 'Witch', -1, 9)
00:58:34 - INFO - ('turn_header', 'GeneticAI-140348923318048', 4, {'actions': 1, 'buys': 1, 'coins': 0, 'hand': ['Silver', 'Copper', 'Estate', 'Estate', 'Copper']})
00:58:34 - INFO - ('action', 'GeneticAI-140348923318048', 'plays Silver', {'coins_before': 0, 'coins_added': 2, 'coins_after': 2, 'remaining_treasures': ['Copper', 'Copper']})
00:58:34 - INFO - ('action', 'GeneticAI-140348923318048', 'plays Copper', {'coins_before': 2, 'coins_added': 1, 'coins_after': 3, 'remaining_treasures': ['Copper']})
00:58:34 - INFO - ('action', 'GeneticAI-140348923318048', 'plays Copper', {'coins_before': 3, 'coins_added': 1, 'coins_after': 4, 'remaining_treasures': []})
00:58:34 - INFO - ('action', 'GeneticAI-140348923318048', 'buys Silver', {'cost': 3, 'remaining_coins': 1, 'remaining_buys': 0})
00:58:34 - INFO - ('supply_change', 'Silver', -1, 34)
00:58:34 - INFO - ('turn_header', 'GeneticAI-140348923316656', 5, {'actions': 1, 'buys': 1, 'coins': 0, 'hand': ['Estate', 'Copper', 'Estate', 'Copper', 'Copper']})
00:58:34 - INFO - ('action', 'GeneticAI-140348923316656', 'plays Copper', {'coins_before': 0, 'coins_added': 1, 'coins_after': 1, 'remaining_treasures': ['Copper', 'Copper']})
00:58:34 - INFO - ('action', 'GeneticAI-140348923316656', 'plays Copper', {'coins_before': 1, 'coins_added': 1, 'coins_after': 2, 'remaining_treasures': ['Copper']})
00:58:34 - INFO - ('action', 'GeneticAI-140348923316656', 'plays Copper', {'coins_before': 2, 'coins_added': 1, 'coins_after': 3, 'remaining_treasures': []})
00:58:34 - INFO - ('action', 'GeneticAI-140348923316656', 'buys Silver', {'cost': 3, 'remaining_coins': 0, 'remaining_buys': 0})
00:58:34 - INFO - ('supply_change', 'Silver', -1, 33)
00:58:34 - INFO - ('turn_header', 'GeneticAI-140348923318048', 5, {'actions': 1, 'buys': 1, 'coins': 0, 'hand': ['Copper', 'Copper', 'Estate', 'Copper', 'Copper']})
00:58:34 - INFO - ('action', 'GeneticAI-140348923318048', 'plays Copper', {'coins_before': 0, 'coins_added': 1, 'coins_after': 1, 'remaining_treasures': ['Copper', 'Copper', 'Copper']})
00:58:34 - INFO - ('action', 'GeneticAI-140348923318048', 'plays Copper', {'coins_before': 1, 'coins_added': 1, 'coins_after': 2, 'remaining_treasures': ['Copper', 'Copper']})
00:58:34 - INFO - ('action', 'GeneticAI-140348923318048', 'plays Copper', {'coins_before': 2, 'coins_added': 1, 'coins_after': 3, 'remaining_treasures': ['Copper']})
00:58:34 - INFO - ('action', 'GeneticAI-140348923318048', 'plays Copper', {'coins_before': 3, 'coins_added': 1, 'coins_after': 4, 'remaining_treasures': []})
00:58:34 - INFO - ('action', 'GeneticAI-140348923318048', 'buys Silver', {'cost': 3, 'remaining_coins': 1, 'remaining_buys': 0})
00:58:34 - INFO - ('supply_change', 'Silver', -1, 32)
00:58:34 - INFO - ('turn_header', 'GeneticAI-140348923316656', 6, {'actions': 1, 'buys': 1, 'coins': 0, 'hand': ['Copper', 'Silver', 'Witch', 'Copper', 'Copper']})
00:58:34 - INFO - ('action', 'GeneticAI-140348923316656', 'plays Witch', {'remaining_actions': 0, 'hand': ['Copper', 'Silver', 'Copper', 'Copper']})
00:58:34 - INFO - ('action', 'GeneticAI-140348923316656', 'gives curse to GeneticAI-140348923318048', {'curses_remaining': 9})
00:58:34 - INFO - ('action', 'GeneticAI-140348923316656', 'plays Silver', {'coins_before': 0, 'coins_added': 2, 'coins_after': 2, 'remaining_treasures': ['Copper', 'Copper', 'Copper', 'Copper']})
00:58:34 - INFO - ('action', 'GeneticAI-140348923316656', 'plays Copper', {'coins_before': 2, 'coins_added': 1, 'coins_after': 3, 'remaining_treasures': ['Copper', 'Copper', 'Copper']})
00:58:34 - INFO - ('action', 'GeneticAI-140348923316656', 'plays Copper', {'coins_before': 3, 'coins_added': 1, 'coins_after': 4, 'remaining_treasures': ['Copper', 'Copper']})
00:58:34 - INFO - ('action', 'GeneticAI-140348923316656', 'plays Copper', {'coins_before': 4, 'coins_added': 1, 'coins_after': 5, 'remaining_treasures': ['Copper']})
00:58:34 - INFO - ('action', 'GeneticAI-140348923316656', 'plays Copper', {'coins_before': 5, 'coins_added': 1, 'coins_after': 6, 'remaining_treasures': []})
00:58:34 - INFO - ('action', 'GeneticAI-140348923316656', 'buys Gold', {'cost': 6, 'remaining_coins': 0, 'remaining_buys': 0})
00:58:34 - INFO - ('supply_change', 'Gold', -1, 29)
00:58:34 - INFO - ('turn_header', 'GeneticAI-140348923318048', 6, {'actions': 1, 'buys': 1, 'coins': 0, 'hand': ['Silver', 'Copper', 'Silver', 'Copper', 'Estate']})
00:58:34 - INFO - ('action', 'GeneticAI-140348923318048', 'plays Silver', {'coins_before': 0, 'coins_added': 2, 'coins_after': 2, 'remaining_treasures': ['Copper', 'Silver', 'Copper']})
00:58:34 - INFO - ('action', 'GeneticAI-140348923318048', 'plays Silver', {'coins_before': 2, 'coins_added': 2, 'coins_after': 4, 'remaining_treasures': ['Copper', 'Copper']})
00:58:34 - INFO - ('action', 'GeneticAI-140348923318048', 'plays Copper', {'coins_before': 4, 'coins_added': 1, 'coins_after': 5, 'remaining_treasures': ['Copper']})
00:58:34 - INFO - ('action', 'GeneticAI-140348923318048', 'plays Copper', {'coins_before': 5, 'coins_added': 1, 'coins_after': 6, 'remaining_treasures': []})
00:58:34 - INFO - ('action', 'GeneticAI-140348923318048', 'buys Gold', {'cost': 6, 'remaining_coins': 0, 'remaining_buys': 0})
00:58:34 - INFO - ('supply_change', 'Gold', -1, 28)
00:58:34 - INFO - ('turn_header', 'GeneticAI-140348923316656', 7, {'actions': 1, 'buys': 1, 'coins': 0, 'hand': ['Silver', 'Copper', 'Copper', 'Copper', 'Gold']})
00:58:34 - INFO - ('action', 'GeneticAI-140348923316656', 'plays Gold', {'coins_before': 0, 'coins_added': 3, 'coins_after': 3, 'remaining_treasures': ['Silver', 'Copper', 'Copper', 'Copper']})
00:58:34 - INFO - ('action', 'GeneticAI-140348923316656', 'plays Silver', {'coins_before': 3, 'coins_added': 2, 'coins_after': 5, 'remaining_treasures': ['Copper', 'Copper', 'Copper']})
00:58:34 - INFO - ('action', 'GeneticAI-140348923316656', 'plays Copper', {'coins_before': 5, 'coins_added': 1, 'coins_after': 6, 'remaining_treasures': ['Copper', 'Copper']})
00:58:34 - INFO - ('action', 'GeneticAI-140348923316656', 'plays Copper', {'coins_before': 6, 'coins_added': 1, 'coins_after': 7, 'remaining_treasures': ['Copper']})
00:58:34 - INFO - ('action', 'GeneticAI-140348923316656', 'plays Copper', {'coins_before': 7, 'coins_added': 1, 'coins_after': 8, 'remaining_treasures': []})
00:58:34 - INFO - ('action', 'GeneticAI-140348923316656', 'buys Province', {'cost': 8, 'remaining_coins': 0, 'remaining_buys': 0})
00:58:34 - INFO - ('supply_change', 'Province', -1, 7)
00:58:34 - INFO - ('turn_header', 'GeneticAI-140348923318048', 7, {'actions': 1, 'buys': 1, 'coins': 0, 'hand': ['Silver', 'Estate', 'Silver', 'Copper', 'Copper']})
00:58:34 - INFO - ('action', 'GeneticAI-140348923318048', 'plays Silver', {'coins_before': 0, 'coins_added': 2, 'coins_after': 2, 'remaining_treasures': ['Silver', 'Copper', 'Copper']})
00:58:34 - INFO - ('action', 'GeneticAI-140348923318048', 'plays Silver', {'coins_before': 2, 'coins_added': 2, 'coins_after': 4, 'remaining_treasures': ['Copper', 'Copper']})
00:58:34 - INFO - ('action', 'GeneticAI-140348923318048', 'plays Copper', {'coins_before': 4, 'coins_added': 1, 'coins_after': 5, 'remaining_treasures': ['Copper']})
00:58:34 - INFO - ('action', 'GeneticAI-140348923318048', 'plays Copper', {'coins_before': 5, 'coins_added': 1, 'coins_after': 6, 'remaining_treasures': []})
00:58:34 - INFO - ('action', 'GeneticAI-140348923318048', 'buys Gold', {'cost': 6, 'remaining_coins': 0, 'remaining_buys': 0})
00:58:34 - INFO - ('supply_change', 'Gold', -1, 27)
00:58:34 - INFO - ('turn_header', 'GeneticAI-140348923316656', 8, {'actions': 1, 'buys': 1, 'coins': 0, 'hand': ['Copper', 'Silver', 'Copper', 'Chapel', 'Copper']})
00:58:34 - INFO - ('action', 'GeneticAI-140348923316656', 'plays Chapel', {'remaining_actions': 0, 'hand': ['Copper', 'Silver', 'Copper', 'Copper']})
00:58:34 - INFO - ('action', 'GeneticAI-140348923316656', 'trashes 3 cards', {'trashed_cards': ['Copper', 'Copper', 'Copper'], 'remaining_hand': ['Silver']})
00:58:34 - INFO - ('action', 'GeneticAI-140348923316656', 'plays Silver', {'coins_before': 0, 'coins_added': 2, 'coins_after': 2, 'remaining_treasures': []})
00:58:34 - INFO - ('action', 'GeneticAI-140348923316656', 'buys Copper', {'cost': 0, 'remaining_coins': 2, 'remaining_buys': 0})
00:58:34 - INFO - ('supply_change', 'Copper', -1, 45)
00:58:34 - INFO - ('turn_header', 'GeneticAI-140348923318048', 8, {'actions': 1, 'buys': 1, 'coins': 0, 'hand': ['Silver', 'Copper', 'Copper', 'Silver', 'Gold']})
00:58:34 - INFO - ('action', 'GeneticAI-140348923318048', 'plays Gold', {'coins_before': 0, 'coins_added': 3, 'coins_after': 3, 'remaining_treasures': ['Silver', 'Copper', 'Copper', 'Silver']})
00:58:34 - INFO - ('action', 'GeneticAI-140348923318048', 'plays Silver', {'coins_before': 3, 'coins_added': 2, 'coins_after': 5, 'remaining_treasures': ['Copper', 'Copper', 'Silver']})
00:58:34 - INFO - ('action', 'GeneticAI-140348923318048', 'plays Silver', {'coins_before': 5, 'coins_added': 2, 'coins_after': 7, 'remaining_treasures': ['Copper', 'Copper']})
00:58:34 - INFO - ('action', 'GeneticAI-140348923318048', 'plays Copper', {'coins_before': 7, 'coins_added': 1, 'coins_after': 8, 'remaining_treasures': ['Copper']})
00:58:34 - INFO - ('action', 'GeneticAI-140348923318048', 'plays Copper', {'coins_before': 8, 'coins_added': 1, 'coins_after': 9, 'remaining_treasures': []})
00:58:34 - INFO - ('action', 'GeneticAI-140348923318048', 'buys Province', {'cost': 8, 'remaining_coins': 1, 'remaining_buys': 0})
00:58:34 - INFO - ('supply_change', 'Province', -1, 6)
00:58:34 - INFO - ('turn_header', 'GeneticAI-140348923316656', 9, {'actions': 1, 'buys': 1, 'coins': 0, 'hand': ['Copper', 'Witch', 'Silver', 'Estate', 'Estate']})
00:58:34 - INFO - ('action', 'GeneticAI-140348923316656', 'plays Witch', {'remaining_actions': 0, 'hand': ['Copper', 'Silver', 'Estate', 'Estate']})
00:58:34 - INFO - ('action', 'GeneticAI-140348923316656', 'gives curse to GeneticAI-140348923318048', {'curses_remaining': 8})
00:58:34 - INFO - ('action', 'GeneticAI-140348923316656', 'plays Silver', {'coins_before': 0, 'coins_added': 2, 'coins_after': 2, 'remaining_treasures': ['Copper', 'Copper']})
00:58:34 - INFO - ('action', 'GeneticAI-140348923316656', 'plays Copper', {'coins_before': 2, 'coins_added': 1, 'coins_after': 3, 'remaining_treasures': ['Copper']})
00:58:34 - INFO - ('action', 'GeneticAI-140348923316656', 'plays Copper', {'coins_before': 3, 'coins_added': 1, 'coins_after': 4, 'remaining_treasures': []})
00:58:34 - INFO - ('action', 'GeneticAI-140348923316656', 'buys Silver', {'cost': 3, 'remaining_coins': 1, 'remaining_buys': 0})
00:58:34 - INFO - ('supply_change', 'Silver', -1, 31)
00:58:34 - INFO - ('turn_header', 'GeneticAI-140348923318048', 9, {'actions': 1, 'buys': 1, 'coins': 0, 'hand': ['Estate', 'Estate', 'Curse', 'Copper', 'Silver']})
00:58:34 - INFO - ('action', 'GeneticAI-140348923318048', 'plays Silver', {'coins_before': 0, 'coins_added': 2, 'coins_after': 2, 'remaining_treasures': ['Copper']})
00:58:34 - INFO - ('action', 'GeneticAI-140348923318048', 'plays Copper', {'coins_before': 2, 'coins_added': 1, 'coins_after': 3, 'remaining_treasures': []})
00:58:34 - INFO - ('action', 'GeneticAI-140348923318048', 'buys Silver', {'cost': 3, 'remaining_coins': 0, 'remaining_buys': 0})
00:58:34 - INFO - ('supply_change', 'Silver', -1, 30)
00:58:34 - INFO - ('turn_header', 'GeneticAI-140348923316656', 10, {'actions': 1, 'buys': 1, 'coins': 0, 'hand': ['Province', 'Gold', 'Copper', 'Copper', 'Silver']})
00:58:34 - INFO - ('action', 'GeneticAI-140348923316656', 'plays Gold', {'coins_before': 0, 'coins_added': 3, 'coins_after': 3, 'remaining_treasures': ['Copper', 'Copper', 'Silver']})
00:58:34 - INFO - ('action', 'GeneticAI-140348923316656', 'plays Silver', {'coins_before': 3, 'coins_added': 2, 'coins_after': 5, 'remaining_treasures': ['Copper', 'Copper']})
00:58:34 - INFO - ('action', 'GeneticAI-140348923316656', 'plays Copper', {'coins_before': 5, 'coins_added': 1, 'coins_after': 6, 'remaining_treasures': ['Copper']})
00:58:34 - INFO - ('action', 'GeneticAI-140348923316656', 'plays Copper', {'coins_before': 6, 'coins_added': 1, 'coins_after': 7, 'remaining_treasures': []})
00:58:34 - INFO - ('action', 'GeneticAI-140348923316656', 'buys Gold', {'cost': 6, 'remaining_coins': 1, 'remaining_buys': 0})
00:58:34 - INFO - ('supply_change', 'Gold', -1, 26)
00:58:34 - INFO - ('turn_header', 'GeneticAI-140348923318048', 10, {'actions': 1, 'buys': 1, 'coins': 0, 'hand': ['Copper', 'Copper', 'Copper', 'Silver', 'Silver']})
00:58:34 - INFO - ('action', 'GeneticAI-140348923318048', 'plays Silver', {'coins_before': 0, 'coins_added': 2, 'coins_after': 2, 'remaining_treasures': ['Copper', 'Copper', 'Copper', 'Silver']})
00:58:34 - INFO - ('action', 'GeneticAI-140348923318048', 'plays Silver', {'coins_before': 2, 'coins_added': 2, 'coins_after': 4, 'remaining_treasures': ['Copper', 'Copper', 'Copper']})
00:58:34 - INFO - ('action', 'GeneticAI-140348923318048', 'plays Copper', {'coins_before': 4, 'coins_added': 1, 'coins_after': 5, 'remaining_treasures': ['Copper', 'Copper']})
00:58:34 - INFO - ('action', 'GeneticAI-140348923318048', 'plays Copper', {'coins_before': 5, 'coins_added': 1, 'coins_after': 6, 'remaining_treasures': ['Copper']})
00:58:34 - INFO - ('action', 'GeneticAI-140348923318048', 'plays Copper', {'coins_before': 6, 'coins_added': 1, 'coins_after': 7, 'remaining_treasures': []})
00:58:34 - INFO - ('action', 'GeneticAI-140348923318048', 'buys Gold', {'cost': 6, 'remaining_coins': 1, 'remaining_buys': 0})
00:58:34 - INFO - ('supply_change', 'Gold', -1, 25)
00:58:34 - INFO - ('turn_header', 'GeneticAI-140348923316656', 11, {'actions': 1, 'buys': 1, 'coins': 0, 'hand': ['Silver', 'Copper', 'Copper', 'Silver', 'Chapel']})
00:58:34 - INFO - ('action', 'GeneticAI-140348923316656', 'plays Chapel', {'remaining_actions': 0, 'hand': ['Silver', 'Copper', 'Copper', 'Silver']})
00:58:34 - INFO - ('action', 'GeneticAI-140348923316656', 'trashes 2 cards', {'trashed_cards': ['Copper', 'Copper'], 'remaining_hand': ['Silver', 'Silver']})
00:58:34 - INFO - ('action', 'GeneticAI-140348923316656', 'plays Silver', {'coins_before': 0, 'coins_added': 2, 'coins_after': 2, 'remaining_treasures': ['Silver']})
00:58:34 - INFO - ('action', 'GeneticAI-140348923316656', 'plays Silver', {'coins_before': 2, 'coins_added': 2, 'coins_after': 4, 'remaining_treasures': []})
00:58:34 - INFO - ('action', 'GeneticAI-140348923316656', 'buys Silver', {'cost': 3, 'remaining_coins': 1, 'remaining_buys': 0})
00:58:34 - INFO - ('supply_change', 'Silver', -1, 29)
00:58:34 - INFO - ('turn_header', 'GeneticAI-140348923318048', 11, {'actions': 1, 'buys': 1, 'coins': 0, 'hand': ['Gold', 'Estate', 'Estate', 'Silver', 'Copper']})
00:58:34 - INFO - ('action', 'GeneticAI-140348923318048', 'plays Gold', {'coins_before': 0, 'coins_added': 3, 'coins_after': 3, 'remaining_treasures': ['Silver', 'Copper']})
00:58:34 - INFO - ('action', 'GeneticAI-140348923318048', 'plays Silver', {'coins_before': 3, 'coins_added': 2, 'coins_after': 5, 'remaining_treasures': ['Copper']})
00:58:34 - INFO - ('action', 'GeneticAI-140348923318048', 'plays Copper', {'coins_before': 5, 'coins_added': 1, 'coins_after': 6, 'remaining_treasures': []})
00:58:34 - INFO - ('action', 'GeneticAI-140348923318048', 'buys Gold', {'cost': 6, 'remaining_coins': 0, 'remaining_buys': 0})
00:58:34 - INFO - ('supply_change', 'Gold', -1, 24)
00:58:34 - INFO - ('turn_header', 'GeneticAI-140348923316656', 12, {'actions': 1, 'buys': 1, 'coins': 0, 'hand': ['Gold', 'Witch', 'Estate', 'Copper', 'Province']})
00:58:34 - INFO - ('action', 'GeneticAI-140348923316656', 'plays Witch', {'remaining_actions': 0, 'hand': ['Gold', 'Estate', 'Copper', 'Province']})
00:58:34 - INFO - ('action', 'GeneticAI-140348923316656', 'gives curse to GeneticAI-140348923318048', {'curses_remaining': 7})
00:58:34 - INFO - ('action', 'GeneticAI-140348923316656', 'plays Gold', {'coins_before': 0, 'coins_added': 3, 'coins_after': 3, 'remaining_treasures': ['Copper', 'Silver', 'Copper']})
00:58:34 - INFO - ('action', 'GeneticAI-140348923316656', 'plays Silver', {'coins_before': 3, 'coins_added': 2, 'coins_after': 5, 'remaining_treasures': ['Copper', 'Copper']})
00:58:34 - INFO - ('action', 'GeneticAI-140348923316656', 'plays Copper', {'coins_before': 5, 'coins_added': 1, 'coins_after': 6, 'remaining_treasures': ['Copper']})
00:58:34 - INFO - ('action', 'GeneticAI-140348923316656', 'plays Copper', {'coins_before': 6, 'coins_added': 1, 'coins_after': 7, 'remaining_treasures': []})
00:58:34 - INFO - ('action', 'GeneticAI-140348923316656', 'buys Gold', {'cost': 6, 'remaining_coins': 1, 'remaining_buys': 0})
00:58:34 - INFO - ('supply_change', 'Gold', -1, 23)
00:58:34 - INFO - ('turn_header', 'GeneticAI-140348923318048', 12, {'actions': 1, 'buys': 1, 'coins': 0, 'hand': ['Province', 'Gold', 'Curse', 'Copper', 'Silver']})
00:58:34 - INFO - ('action', 'GeneticAI-140348923318048', 'plays Gold', {'coins_before': 0, 'coins_added': 3, 'coins_after': 3, 'remaining_treasures': ['Copper', 'Silver']})
00:58:34 - INFO - ('action', 'GeneticAI-140348923318048', 'plays Silver', {'coins_before': 3, 'coins_added': 2, 'coins_after': 5, 'remaining_treasures': ['Copper']})
00:58:34 - INFO - ('action', 'GeneticAI-140348923318048', 'plays Copper', {'coins_before': 5, 'coins_added': 1, 'coins_after': 6, 'remaining_treasures': []})
00:58:34 - INFO - ('action', 'GeneticAI-140348923318048', 'buys Gold', {'cost': 6, 'remaining_coins': 0, 'remaining_buys': 0})
00:58:34 - INFO - ('supply_change', 'Gold', -1, 22)
00:58:34 - INFO - ('turn_header', 'GeneticAI-140348923316656', 13, {'actions': 1, 'buys': 1, 'coins': 0, 'hand': ['Silver', 'Estate', 'Copper', 'Gold', 'Silver']})
00:58:34 - INFO - ('action', 'GeneticAI-140348923316656', 'plays Gold', {'coins_before': 0, 'coins_added': 3, 'coins_after': 3, 'remaining_treasures': ['Silver', 'Copper', 'Silver']})
00:58:34 - INFO - ('action', 'GeneticAI-140348923316656', 'plays Silver', {'coins_before': 3, 'coins_added': 2, 'coins_after': 5, 'remaining_treasures': ['Copper', 'Silver']})
00:58:34 - INFO - ('action', 'GeneticAI-140348923316656', 'plays Silver', {'coins_before': 5, 'coins_added': 2, 'coins_after': 7, 'remaining_treasures': ['Copper']})
00:58:34 - INFO - ('action', 'GeneticAI-140348923316656', 'plays Copper', {'coins_before': 7, 'coins_added': 1, 'coins_after': 8, 'remaining_treasures': []})
00:58:34 - INFO - ('action', 'GeneticAI-140348923316656', 'buys Province', {'cost': 8, 'remaining_coins': 0, 'remaining_buys': 0})
00:58:34 - INFO - ('supply_change', 'Province', -1, 5)
00:58:34 - INFO - ('turn_header', 'GeneticAI-140348923318048', 13, {'actions': 1, 'buys': 1, 'coins': 0, 'hand': ['Estate', 'Copper', 'Silver', 'Curse', 'Silver']})
00:58:34 - INFO - ('action', 'GeneticAI-140348923318048', 'plays Silver', {'coins_before': 0, 'coins_added': 2, 'coins_after': 2, 'remaining_treasures': ['Copper', 'Silver']})
00:58:34 - INFO - ('action', 'GeneticAI-140348923318048', 'plays Silver', {'coins_before': 2, 'coins_added': 2, 'coins_after': 4, 'remaining_treasures': ['Copper']})
00:58:34 - INFO - ('action', 'GeneticAI-140348923318048', 'plays Copper', {'coins_before': 4, 'coins_added': 1, 'coins_after': 5, 'remaining_treasures': []})
00:58:34 - INFO - ('action', 'GeneticAI-140348923318048', 'buys Silver', {'cost': 3, 'remaining_coins': 2, 'remaining_buys': 0})
00:58:34 - INFO - ('supply_change', 'Silver', -1, 28)
00:58:34 - INFO - ('turn_header', 'GeneticAI-140348923316656', 14, {'actions': 1, 'buys': 1, 'coins': 0, 'hand': ['Copper', 'Silver', 'Gold', 'Chapel', 'Silver']})
00:58:34 - INFO - ('action', 'GeneticAI-140348923316656', 'plays Chapel', {'remaining_actions': 0, 'hand': ['Copper', 'Silver', 'Gold', 'Silver']})
00:58:34 - INFO - ('action', 'GeneticAI-140348923316656', 'trashes 1 cards', {'trashed_cards': ['Copper'], 'remaining_hand': ['Silver', 'Gold', 'Silver']})
00:58:34 - INFO - ('action', 'GeneticAI-140348923316656', 'plays Gold', {'coins_before': 0, 'coins_added': 3, 'coins_after': 3, 'remaining_treasures': ['Silver', 'Silver']})
00:58:34 - INFO - ('action', 'GeneticAI-140348923316656', 'plays Silver', {'coins_before': 3, 'coins_added': 2, 'coins_after': 5, 'remaining_treasures': ['Silver']})
00:58:34 - INFO - ('action', 'GeneticAI-140348923316656', 'plays Silver', {'coins_before': 5, 'coins_added': 2, 'coins_after': 7, 'remaining_treasures': []})
00:58:34 - INFO - ('action', 'GeneticAI-140348923316656', 'buys Gold', {'cost': 6, 'remaining_coins': 1, 'remaining_buys': 0})
00:58:34 - INFO - ('supply_change', 'Gold', -1, 21)
00:58:34 - INFO - ('turn_header', 'GeneticAI-140348923318048', 14, {'actions': 1, 'buys': 1, 'coins': 0, 'hand': ['Copper', 'Gold', 'Copper', 'Curse', 'Copper']})
00:58:34 - INFO - ('action', 'GeneticAI-140348923318048', 'plays Gold', {'coins_before': 0, 'coins_added': 3, 'coins_after': 3, 'remaining_treasures': ['Copper', 'Copper', 'Copper']})
00:58:34 - INFO - ('action', 'GeneticAI-140348923318048', 'plays Copper', {'coins_before': 3, 'coins_added': 1, 'coins_after': 4, 'remaining_treasures': ['Copper', 'Copper']})
00:58:34 - INFO - ('action', 'GeneticAI-140348923318048', 'plays Copper', {'coins_before': 4, 'coins_added': 1, 'coins_after': 5, 'remaining_treasures': ['Copper']})
00:58:34 - INFO - ('action', 'GeneticAI-140348923318048', 'plays Copper', {'coins_before': 5, 'coins_added': 1, 'coins_after': 6, 'remaining_treasures': []})
00:58:34 - INFO - ('action', 'GeneticAI-140348923318048', 'buys Gold', {'cost': 6, 'remaining_coins': 0, 'remaining_buys': 0})
00:58:34 - INFO - ('supply_change', 'Gold', -1, 20)
00:58:34 - INFO - ('turn_header', 'GeneticAI-140348923316656', 15, {'actions': 1, 'buys': 1, 'coins': 0, 'hand': ['Estate', 'Gold', 'Silver', 'Copper', 'Province']})
00:58:34 - INFO - ('action', 'GeneticAI-140348923316656', 'plays Gold', {'coins_before': 0, 'coins_added': 3, 'coins_after': 3, 'remaining_treasures': ['Silver', 'Copper']})
00:58:34 - INFO - ('action', 'GeneticAI-140348923316656', 'plays Silver', {'coins_before': 3, 'coins_added': 2, 'coins_after': 5, 'remaining_treasures': ['Copper']})
00:58:34 - INFO - ('action', 'GeneticAI-140348923316656', 'plays Copper', {'coins_before': 5, 'coins_added': 1, 'coins_after': 6, 'remaining_treasures': []})
00:58:34 - INFO - ('action', 'GeneticAI-140348923316656', 'buys Gold', {'cost': 6, 'remaining_coins': 0, 'remaining_buys': 0})
00:58:34 - INFO - ('supply_change', 'Gold', -1, 19)
00:58:34 - INFO - ('turn_header', 'GeneticAI-140348923318048', 15, {'actions': 1, 'buys': 1, 'coins': 0, 'hand': ['Gold', 'Curse', 'Gold', 'Copper', 'Estate']})
00:58:34 - INFO - ('action', 'GeneticAI-140348923318048', 'plays Gold', {'coins_before': 0, 'coins_added': 3, 'coins_after': 3, 'remaining_treasures': ['Gold', 'Copper']})
00:58:34 - INFO - ('action', 'GeneticAI-140348923318048', 'plays Gold', {'coins_before': 3, 'coins_added': 3, 'coins_after': 6, 'remaining_treasures': ['Copper']})
00:58:34 - INFO - ('action', 'GeneticAI-140348923318048', 'plays Copper', {'coins_before': 6, 'coins_added': 1, 'coins_after': 7, 'remaining_treasures': []})
00:58:34 - INFO - ('action', 'GeneticAI-140348923318048', 'buys Gold', {'cost': 6, 'remaining_coins': 1, 'remaining_buys': 0})
00:58:34 - INFO - ('supply_change', 'Gold', -1, 18)
00:58:34 - INFO - ('turn_header', 'GeneticAI-140348923316656', 16, {'actions': 1, 'buys': 1, 'coins': 0, 'hand': ['Witch', 'Province', 'Province', 'Silver', 'Chapel']})
00:58:34 - INFO - ('action', 'GeneticAI-140348923316656', 'plays Chapel', {'remaining_actions': 0, 'hand': ['Witch', 'Province', 'Province', 'Silver']})
00:58:34 - INFO - ('action', 'GeneticAI-140348923316656', 'trashes 0 cards', {'trashed_cards': [], 'remaining_hand': ['Witch', 'Province', 'Province', 'Silver']})
00:58:34 - INFO - ('action', 'GeneticAI-140348923316656', 'plays Silver', {'coins_before': 0, 'coins_added': 2, 'coins_after': 2, 'remaining_treasures': []})
00:58:34 - INFO - ('action', 'GeneticAI-140348923316656', 'buys Copper', {'cost': 0, 'remaining_coins': 2, 'remaining_buys': 0})
00:58:34 - INFO - ('supply_change', 'Copper', -1, 44)
00:58:34 - INFO - ('turn_header', 'GeneticAI-140348923318048', 16, {'actions': 1, 'buys': 1, 'coins': 0, 'hand': ['Curse', 'Silver', 'Copper', 'Silver', 'Estate']})
00:58:34 - INFO - ('action', 'GeneticAI-140348923318048', 'plays Silver', {'coins_before': 0, 'coins_added': 2, 'coins_after': 2, 'remaining_treasures': ['Copper', 'Silver']})
00:58:34 - INFO - ('action', 'GeneticAI-140348923318048', 'plays Silver', {'coins_before': 2, 'coins_added': 2, 'coins_after': 4, 'remaining_treasures': ['Copper']})
00:58:34 - INFO - ('action', 'GeneticAI-140348923318048', 'plays Copper', {'coins_before': 4, 'coins_added': 1, 'coins_after': 5, 'remaining_treasures': []})
00:58:34 - INFO - ('action', 'GeneticAI-140348923318048', 'buys Silver', {'cost': 3, 'remaining_coins': 2, 'remaining_buys': 0})
00:58:34 - INFO - ('supply_change', 'Silver', -1, 27)
00:58:34 - INFO - ('turn_header', 'GeneticAI-140348923316656', 17, {'actions': 1, 'buys': 1, 'coins': 0, 'hand': ['Silver', 'Silver', 'Copper', 'Estate', 'Gold']})
00:58:34 - INFO - ('action', 'GeneticAI-140348923316656', 'plays Gold', {'coins_before': 0, 'coins_added': 3, 'coins_after': 3, 'remaining_treasures': ['Silver', 'Silver', 'Copper']})
00:58:34 - INFO - ('action', 'GeneticAI-140348923316656', 'plays Silver', {'coins_before': 3, 'coins_added': 2, 'coins_after': 5, 'remaining_treasures': ['Silver', 'Copper']})
00:58:34 - INFO - ('action', 'GeneticAI-140348923316656', 'plays Silver', {'coins_before': 5, 'coins_added': 2, 'coins_after': 7, 'remaining_treasures': ['Copper']})
00:58:34 - INFO - ('action', 'GeneticAI-140348923316656', 'plays Copper', {'coins_before': 7, 'coins_added': 1, 'coins_after': 8, 'remaining_treasures': []})
00:58:34 - INFO - ('action', 'GeneticAI-140348923316656', 'buys Province', {'cost': 8, 'remaining_coins': 0, 'remaining_buys': 0})
00:58:34 - INFO - ('supply_change', 'Province', -1, 4)
00:58:34 - INFO - ('turn_header', 'GeneticAI-140348923318048', 17, {'actions': 1, 'buys': 1, 'coins': 0, 'hand': ['Silver', 'Gold', 'Gold', 'Silver', 'Silver']})
00:58:34 - INFO - ('action', 'GeneticAI-140348923318048', 'plays Gold', {'coins_before': 0, 'coins_added': 3, 'coins_after': 3, 'remaining_treasures': ['Silver', 'Gold', 'Silver', 'Silver']})
00:58:34 - INFO - ('action', 'GeneticAI-140348923318048', 'plays Gold', {'coins_before': 3, 'coins_added': 3, 'coins_after': 6, 'remaining_treasures': ['Silver', 'Silver', 'Silver']})
00:58:34 - INFO - ('action', 'GeneticAI-140348923318048', 'plays Silver', {'coins_before': 6, 'coins_added': 2, 'coins_after': 8, 'remaining_treasures': ['Silver', 'Silver']})
00:58:34 - INFO - ('action', 'GeneticAI-140348923318048', 'plays Silver', {'coins_before': 8, 'coins_added': 2, 'coins_after': 10, 'remaining_treasures': ['Silver']})
00:58:34 - INFO - ('action', 'GeneticAI-140348923318048', 'plays Silver', {'coins_before': 10, 'coins_added': 2, 'coins_after': 12, 'remaining_treasures': []})
00:58:34 - INFO - ('action', 'GeneticAI-140348923318048', 'buys Province', {'cost': 8, 'remaining_coins': 4, 'remaining_buys': 0})
00:58:34 - INFO - ('supply_change', 'Province', -1, 3)
00:58:34 - INFO - ('turn_header', 'GeneticAI-140348923316656', 18, {'actions': 1, 'buys': 1, 'coins': 0, 'hand': ['Gold', 'Copper', 'Gold', 'Estate', 'Gold']})
00:58:34 - INFO - ('action', 'GeneticAI-140348923316656', 'plays Gold', {'coins_before': 0, 'coins_added': 3, 'coins_after': 3, 'remaining_treasures': ['Copper', 'Gold', 'Gold']})
00:58:34 - INFO - ('action', 'GeneticAI-140348923316656', 'plays Gold', {'coins_before': 3, 'coins_added': 3, 'coins_after': 6, 'remaining_treasures': ['Copper', 'Gold']})
00:58:34 - INFO - ('action', 'GeneticAI-140348923316656', 'plays Gold', {'coins_before': 6, 'coins_added': 3, 'coins_after': 9, 'remaining_treasures': ['Copper']})
00:58:34 - INFO - ('action', 'GeneticAI-140348923316656', 'plays Copper', {'coins_before': 9, 'coins_added': 1, 'coins_after': 10, 'remaining_treasures': []})
00:58:34 - INFO - ('action', 'GeneticAI-140348923316656', 'buys Province', {'cost': 8, 'remaining_coins': 2, 'remaining_buys': 0})
00:58:34 - INFO - ('supply_change', 'Province', -1, 2)
00:58:34 - INFO - ('turn_header', 'GeneticAI-140348923318048', 18, {'actions': 1, 'buys': 1, 'coins': 0, 'hand': ['Silver', 'Silver', 'Copper', 'Province', 'Copper']})
00:58:34 - INFO - ('action', 'GeneticAI-140348923318048', 'plays Silver', {'coins_before': 0, 'coins_added': 2, 'coins_after': 2, 'remaining_treasures': ['Silver', 'Copper', 'Copper']})
00:58:34 - INFO - ('action', 'GeneticAI-140348923318048', 'plays Silver', {'coins_before': 2, 'coins_added': 2, 'coins_after': 4, 'remaining_treasures': ['Copper', 'Copper']})
00:58:34 - INFO - ('action', 'GeneticAI-140348923318048', 'plays Copper', {'coins_before': 4, 'coins_added': 1, 'coins_after': 5, 'remaining_treasures': ['Copper']})
00:58:34 - INFO - ('action', 'GeneticAI-140348923318048', 'plays Copper', {'coins_before': 5, 'coins_added': 1, 'coins_after': 6, 'remaining_treasures': []})
00:58:34 - INFO - ('action', 'GeneticAI-140348923318048', 'buys Gold', {'cost': 6, 'remaining_coins': 0, 'remaining_buys': 0})
00:58:34 - INFO - ('supply_change', 'Gold', -1, 17)
00:58:34 - INFO - ('turn_header', 'GeneticAI-140348923316656', 19, {'actions': 1, 'buys': 1, 'coins': 0, 'hand': ['Silver', 'Silver', 'Gold', 'Copper', 'Province']})
00:58:34 - INFO - ('action', 'GeneticAI-140348923316656', 'plays Gold', {'coins_before': 0, 'coins_added': 3, 'coins_after': 3, 'remaining_treasures': ['Silver', 'Silver', 'Copper']})
00:58:34 - INFO - ('action', 'GeneticAI-140348923316656', 'plays Silver', {'coins_before': 3, 'coins_added': 2, 'coins_after': 5, 'remaining_treasures': ['Silver', 'Copper']})
00:58:34 - INFO - ('action', 'GeneticAI-140348923316656', 'plays Silver', {'coins_before': 5, 'coins_added': 2, 'coins_after': 7, 'remaining_treasures': ['Copper']})
00:58:34 - INFO - ('action', 'GeneticAI-140348923316656', 'plays Copper', {'coins_before': 7, 'coins_added': 1, 'coins_after': 8, 'remaining_treasures': []})
00:58:34 - INFO - ('action', 'GeneticAI-140348923316656', 'buys Province', {'cost': 8, 'remaining_coins': 0, 'remaining_buys': 0})
00:58:34 - INFO - ('supply_change', 'Province', -1, 1)
00:58:34 - INFO - ('turn_header', 'GeneticAI-140348923318048', 19, {'actions': 1, 'buys': 1, 'coins': 0, 'hand': ['Estate', 'Curse', 'Silver', 'Gold', 'Gold']})
00:58:34 - INFO - ('action', 'GeneticAI-140348923318048', 'plays Gold', {'coins_before': 0, 'coins_added': 3, 'coins_after': 3, 'remaining_treasures': ['Silver', 'Gold']})
00:58:34 - INFO - ('action', 'GeneticAI-140348923318048', 'plays Gold', {'coins_before': 3, 'coins_added': 3, 'coins_after': 6, 'remaining_treasures': ['Silver']})
00:58:34 - INFO - ('action', 'GeneticAI-140348923318048', 'plays Silver', {'coins_before': 6, 'coins_added': 2, 'coins_after': 8, 'remaining_treasures': []})
00:58:34 - INFO - ('action', 'GeneticAI-140348923318048', 'buys Province', {'cost': 8, 'remaining_coins': 0, 'remaining_buys': 0})
00:58:34 - INFO - ('supply_change', 'Province', -1, 0)
00:58:34 - INFO - Game over: Provinces depleted
00:58:34 - INFO - 
============================================================
00:58:34 - INFO - Game Over!
00:58:34 - INFO - Winner: AI-1403
00:58:34 - INFO - 
Final Scores:
00:58:34 - INFO -   AI-1403: 32
00:58:34 - INFO -   AI-1403: 18
00:58:34 - INFO - 
Final Supply State:
00:58:34 - INFO -   Copper: 44 remaining
00:58:34 - INFO -   Silver: 27 remaining
00:58:34 - INFO -   Gold: 17 remaining
00:58:34 - INFO -   Estate: 8 remaining
00:58:34 - INFO -   Duchy: 8 remaining
00:58:34 - INFO -   Province: Empty
00:58:34 - INFO -   Curse: 7 remaining
00:58:34 - INFO -   Village: 10 remaining
00:58:34 - INFO -   Smithy: 10 remaining
00:58:34 - INFO -   Market: 10 remaining
00:58:34 - INFO -   Festival: 10 remaining
00:58:34 - INFO -   Laboratory: 10 remaining
00:58:34 - INFO -   Mine: 10 remaining
00:58:34 - INFO -   Witch: 9 remaining
00:58:34 - INFO -   Moat: 10 remaining
00:58:34 - INFO -   Workshop: 10 remaining
00:58:34 - INFO -   Chapel: 9 remaining
00:58:34 - INFO - ============================================================

